2024-10-31 07:26:32.384 [info] Reading sessions from keychain...
2024-10-31 07:26:32.384 [info] Getting sessions for all scopes...
2024-10-31 07:26:32.384 [info] Getting sessions for all scopes...
2024-10-31 07:26:32.384 [info] Got 0 sessions for ...
2024-10-31 07:26:32.384 [info] Got 0 sessions for ...
2024-10-31 07:26:32.384 [info] Getting sessions for read:user,repo,user:email,workflow...
2024-10-31 07:26:32.384 [info] Got 0 sessions for read:user,repo,user:email,workflow...
2024-10-31 07:26:35.538 [info] Logging in with 'any' account...
2024-10-31 07:26:35.538 [info] Logging in for the following scopes: read:user repo user:email workflow
2024-10-31 07:26:35.555 [info] Trying device code flow... (read:user repo user:email workflow)
2024-10-31 07:28:09.893 [info] Getting user info...
2024-10-31 07:28:10.300 [info] Got account info!
2024-10-31 07:28:10.301 [info] Storing 1 sessions...
2024-10-31 07:28:16.275 [info] Reading sessions from keychain...
2024-10-31 07:28:16.275 [info] Stored 1 sessions!
2024-10-31 07:28:16.275 [info] Login success!
2024-10-31 07:28:16.360 [info] Got stored sessions!
2024-10-31 07:28:16.360 [info] Got 1 verified sessions.
2024-10-31 07:29:00.556 [info] Getting sessions for read:user,repo,user:email,workflow...
2024-10-31 07:29:00.556 [info] Got 1 sessions for read:user,repo,user:email,workflow...
