2024-11-01 16:17:08.130 [info] [main] Log level: Info
2024-11-01 16:17:08.130 [info] [main] Validating found git in: "git"
2024-11-01 16:17:08.130 [info] [main] Using git "2.46.2" from "git"
2024-11-01 16:17:08.130 [info] [Model][doInitialScan] Initial repository scan started
2024-11-01 16:17:08.130 [info] > git rev-parse --show-toplevel [5ms]
2024-11-01 16:17:08.130 [info] > git rev-parse --git-dir --git-common-dir [3ms]
2024-11-01 16:17:08.130 [info] [Model][openRepository] Opened repository: /home/raysuo/Echoes/Echoes
2024-11-01 16:17:08.144 [info] > git config --get commit.template [7ms]
2024-11-01 16:17:08.145 [info] > git rev-parse --show-toplevel [3ms]
2024-11-01 16:17:08.160 [info] > git for-each-ref --format=%(refname)%00%(upstream:short)%00%(objectname)%00%(upstream:track)%00%(upstream:remotename)%00%(upstream:remoteref) refs/heads/main refs/remotes/main [6ms]
2024-11-01 16:17:08.165 [warning] [Git][revParse] Unable to read file: ENOENT: no such file or directory, open '/home/raysuo/Echoes/Echoes/.git/refs/remotes/origin/main'
2024-11-01 16:17:08.166 [info] > git rev-parse --show-toplevel [7ms]
2024-11-01 16:17:08.172 [info] > git rev-parse refs/remotes/origin/main [7ms]
2024-11-01 16:17:08.187 [info] > git rev-parse --show-toplevel [16ms]
2024-11-01 16:17:08.196 [info] > git for-each-ref --sort -committerdate --format %(refname) %(objectname) %(*objectname) [9ms]
2024-11-01 16:17:08.199 [info] > git rev-parse --show-toplevel [4ms]
2024-11-01 16:17:08.200 [info] [Model][doInitialScan] Initial repository scan completed - repositories (1), closed repositories (0), parent repositories (0), unsafe repositories (0)
2024-11-01 16:17:08.381 [info] > git status -z -uall [202ms]
2024-11-01 16:17:08.418 [info] > git for-each-ref --format=%(refname)%00%(upstream:short)%00%(objectname)%00%(upstream:track)%00%(upstream:remotename)%00%(upstream:remoteref) refs/heads/main refs/remotes/main [22ms]
2024-11-01 16:17:08.446 [info] > git config --local branch.main.vscode-merge-base [21ms]
2024-11-01 16:17:08.454 [info] > git config --get commit.template [39ms]
2024-11-01 16:17:08.455 [info] > git for-each-ref --format=%(refname)%00%(upstream:short)%00%(objectname)%00%(upstream:track)%00%(upstream:remotename)%00%(upstream:remoteref) refs/heads/origin/main refs/remotes/origin/main [2ms]
2024-11-01 16:17:08.517 [info] > git merge-base refs/heads/main refs/remotes/origin/main [56ms]
2024-11-01 16:17:08.529 [info] > git diff --name-status -z --diff-filter=ADMR 02a55a3bb75243bdef2649ccfe946103d1af5a67...refs/remotes/origin/main [5ms]
2024-11-01 16:17:08.530 [info] > git for-each-ref --format=%(refname)%00%(upstream:short)%00%(objectname)%00%(upstream:track)%00%(upstream:remotename)%00%(upstream:remoteref) refs/heads/main refs/remotes/main [15ms]
2024-11-01 16:17:08.536 [warning] [Git][revParse] Unable to read file: ENOENT: no such file or directory, open '/home/raysuo/Echoes/Echoes/.git/refs/remotes/origin/main'
2024-11-01 16:17:08.540 [info] > git rev-parse refs/remotes/origin/main [4ms]
2024-11-01 16:17:08.559 [info] > git for-each-ref --sort -committerdate --format %(refname) %(objectname) %(*objectname) [3ms]
2024-11-01 16:17:08.758 [info] > git status -z -uall [210ms]
2024-11-01 16:17:08.779 [info] > git show --textconv :src/app/home/home.component.css [7ms]
2024-11-01 16:17:08.782 [info] > git ls-files --stage -- /home/raysuo/Echoes/Echoes/src/app/home/home.component.css [4ms]
2024-11-01 16:17:08.791 [info] > git cat-file -s 84e149e476681131a2843ff9ba1bc16755772caf [3ms]
2024-11-01 16:17:08.804 [info] > git check-ignore -v -z --stdin [2ms]
2024-11-01 17:16:40.280 [info] > git config --get commit.template [6ms]
2024-11-01 17:16:40.281 [info] > git for-each-ref --format=%(refname)%00%(upstream:short)%00%(objectname)%00%(upstream:track)%00%(upstream:remotename)%00%(upstream:remoteref) refs/heads/main refs/remotes/main [2ms]
2024-11-01 17:16:40.286 [warning] [Git][revParse] Unable to read file: ENOENT: no such file or directory, open '/home/raysuo/Echoes/Echoes/.git/refs/remotes/origin/main'
2024-11-01 17:16:40.287 [info] > git rev-parse refs/remotes/origin/main [1ms]
2024-11-01 17:16:40.298 [info] > git for-each-ref --sort -committerdate --format %(refname) %(objectname) %(*objectname) [1ms]
2024-11-01 17:16:40.416 [info] > git status -z -uall [124ms]
2024-11-01 17:17:25.853 [info] > git show --textconv :src/app/home/home.component.html [8ms]
2024-11-01 17:17:25.855 [info] > git ls-files --stage -- /home/raysuo/Echoes/Echoes/src/app/home/home.component.html [2ms]
2024-11-01 17:17:25.864 [info] > git cat-file -s fa0761a92c2e7af142243a437d569dfa86db9f09 [1ms]
2024-11-01 17:17:40.549 [info] > git config --get commit.template [17ms]
2024-11-01 17:17:40.550 [info] > git for-each-ref --format=%(refname)%00%(upstream:short)%00%(objectname)%00%(upstream:track)%00%(upstream:remotename)%00%(upstream:remoteref) refs/heads/main refs/remotes/main [3ms]
2024-11-01 17:17:40.559 [warning] [Git][revParse] Unable to read file: ENOENT: no such file or directory, open '/home/raysuo/Echoes/Echoes/.git/refs/remotes/origin/main'
2024-11-01 17:17:40.561 [info] > git rev-parse refs/remotes/origin/main [2ms]
2024-11-01 17:17:40.579 [info] > git for-each-ref --sort -committerdate --format %(refname) %(objectname) %(*objectname) [1ms]
2024-11-01 17:17:40.724 [info] > git status -z -uall [156ms]
2024-11-01 17:17:45.747 [info] > git config --get commit.template [10ms]
2024-11-01 17:17:45.748 [info] > git for-each-ref --format=%(refname)%00%(upstream:short)%00%(objectname)%00%(upstream:track)%00%(upstream:remotename)%00%(upstream:remoteref) refs/heads/main refs/remotes/main [3ms]
2024-11-01 17:17:45.755 [warning] [Git][revParse] Unable to read file: ENOENT: no such file or directory, open '/home/raysuo/Echoes/Echoes/.git/refs/remotes/origin/main'
2024-11-01 17:17:45.757 [info] > git rev-parse refs/remotes/origin/main [2ms]
2024-11-01 17:17:45.774 [info] > git for-each-ref --sort -committerdate --format %(refname) %(objectname) %(*objectname) [2ms]
2024-11-01 17:17:45.918 [info] > git status -z -uall [154ms]
2024-11-01 17:17:51.285 [info] > git config --get commit.template [28ms]
2024-11-01 17:17:51.289 [info] > git for-each-ref --format=%(refname)%00%(upstream:short)%00%(objectname)%00%(upstream:track)%00%(upstream:remotename)%00%(upstream:remoteref) refs/heads/main refs/remotes/main [7ms]
2024-11-01 17:17:51.301 [warning] [Git][revParse] Unable to read file: ENOENT: no such file or directory, open '/home/raysuo/Echoes/Echoes/.git/refs/remotes/origin/main'
2024-11-01 17:17:51.303 [info] > git rev-parse refs/remotes/origin/main [2ms]
2024-11-01 17:17:51.321 [info] > git for-each-ref --sort -committerdate --format %(refname) %(objectname) %(*objectname) [2ms]
2024-11-01 17:17:51.451 [info] > git status -z -uall [139ms]
2024-11-01 17:17:56.727 [info] > git config --get commit.template [2ms]
2024-11-01 17:17:56.736 [info] > git for-each-ref --format=%(refname)%00%(upstream:short)%00%(objectname)%00%(upstream:track)%00%(upstream:remotename)%00%(upstream:remoteref) refs/heads/main refs/remotes/main [2ms]
2024-11-01 17:17:56.745 [warning] [Git][revParse] Unable to read file: ENOENT: no such file or directory, open '/home/raysuo/Echoes/Echoes/.git/refs/remotes/origin/main'
2024-11-01 17:17:56.746 [info] > git rev-parse refs/remotes/origin/main [1ms]
2024-11-01 17:17:56.763 [info] > git for-each-ref --sort -committerdate --format %(refname) %(objectname) %(*objectname) [2ms]
2024-11-01 17:17:56.881 [info] > git status -z -uall [127ms]
2024-11-01 17:18:01.928 [info] > git config --get commit.template [18ms]
2024-11-01 17:18:01.930 [info] > git for-each-ref --format=%(refname)%00%(upstream:short)%00%(objectname)%00%(upstream:track)%00%(upstream:remotename)%00%(upstream:remoteref) refs/heads/main refs/remotes/main [3ms]
2024-11-01 17:18:01.940 [warning] [Git][revParse] Unable to read file: ENOENT: no such file or directory, open '/home/raysuo/Echoes/Echoes/.git/refs/remotes/origin/main'
2024-11-01 17:18:01.942 [info] > git rev-parse refs/remotes/origin/main [2ms]
2024-11-01 17:18:01.960 [info] > git for-each-ref --sort -committerdate --format %(refname) %(objectname) %(*objectname) [2ms]
2024-11-01 17:18:02.089 [info] > git status -z -uall [139ms]
2024-11-01 17:18:12.760 [info] > git config --get commit.template [6ms]
2024-11-01 17:18:12.784 [info] > git for-each-ref --format=%(refname)%00%(upstream:short)%00%(objectname)%00%(upstream:track)%00%(upstream:remotename)%00%(upstream:remoteref) refs/heads/main refs/remotes/main [4ms]
2024-11-01 17:18:12.799 [warning] [Git][revParse] Unable to read file: ENOENT: no such file or directory, open '/home/raysuo/Echoes/Echoes/.git/refs/remotes/origin/main'
2024-11-01 17:18:12.802 [info] > git rev-parse refs/remotes/origin/main [3ms]
2024-11-01 17:18:12.835 [info] > git for-each-ref --sort -committerdate --format %(refname) %(objectname) %(*objectname) [3ms]
2024-11-01 17:18:12.962 [info] > git status -z -uall [145ms]
2024-11-01 17:23:14.627 [info] > git config --get commit.template [28ms]
2024-11-01 17:23:14.632 [info] > git for-each-ref --format=%(refname)%00%(upstream:short)%00%(objectname)%00%(upstream:track)%00%(upstream:remotename)%00%(upstream:remoteref) refs/heads/main refs/remotes/main [8ms]
2024-11-01 17:23:14.649 [warning] [Git][revParse] Unable to read file: ENOENT: no such file or directory, open '/home/raysuo/Echoes/Echoes/.git/refs/remotes/origin/main'
2024-11-01 17:23:14.651 [info] > git rev-parse refs/remotes/origin/main [2ms]
2024-11-01 17:23:14.675 [info] > git for-each-ref --sort -committerdate --format %(refname) %(objectname) %(*objectname) [2ms]
2024-11-01 17:23:14.796 [info] > git status -z -uall [133ms]
2024-11-01 17:23:51.536 [info] > git config --get commit.template [26ms]
2024-11-01 17:23:51.538 [info] > git for-each-ref --format=%(refname)%00%(upstream:short)%00%(objectname)%00%(upstream:track)%00%(upstream:remotename)%00%(upstream:remoteref) refs/heads/main refs/remotes/main [5ms]
2024-11-01 17:23:51.555 [warning] [Git][revParse] Unable to read file: ENOENT: no such file or directory, open '/home/raysuo/Echoes/Echoes/.git/refs/remotes/origin/main'
2024-11-01 17:23:51.557 [info] > git rev-parse refs/remotes/origin/main [2ms]
2024-11-01 17:23:51.583 [info] > git for-each-ref --sort -committerdate --format %(refname) %(objectname) %(*objectname) [2ms]
2024-11-01 17:23:51.726 [info] > git status -z -uall [157ms]
2024-11-01 17:24:17.810 [info] > git config --get commit.template [9ms]
2024-11-01 17:24:17.811 [info] > git for-each-ref --format=%(refname)%00%(upstream:short)%00%(objectname)%00%(upstream:track)%00%(upstream:remotename)%00%(upstream:remoteref) refs/heads/main refs/remotes/main [2ms]
2024-11-01 17:24:17.818 [warning] [Git][revParse] Unable to read file: ENOENT: no such file or directory, open '/home/raysuo/Echoes/Echoes/.git/refs/remotes/origin/main'
2024-11-01 17:24:17.820 [info] > git rev-parse refs/remotes/origin/main [2ms]
2024-11-01 17:24:17.837 [info] > git for-each-ref --sort -committerdate --format %(refname) %(objectname) %(*objectname) [2ms]
2024-11-01 17:24:17.959 [info] > git status -z -uall [132ms]
2024-11-01 17:24:22.993 [info] > git config --get commit.template [5ms]
2024-11-01 17:24:23.007 [info] > git for-each-ref --format=%(refname)%00%(upstream:short)%00%(objectname)%00%(upstream:track)%00%(upstream:remotename)%00%(upstream:remoteref) refs/heads/main refs/remotes/main [2ms]
2024-11-01 17:24:23.015 [warning] [Git][revParse] Unable to read file: ENOENT: no such file or directory, open '/home/raysuo/Echoes/Echoes/.git/refs/remotes/origin/main'
2024-11-01 17:24:23.017 [info] > git rev-parse refs/remotes/origin/main [1ms]
2024-11-01 17:24:23.035 [info] > git for-each-ref --sort -committerdate --format %(refname) %(objectname) %(*objectname) [2ms]
2024-11-01 17:24:23.155 [info] > git status -z -uall [131ms]
2024-11-01 17:24:29.477 [info] > git config --get commit.template [15ms]
2024-11-01 17:24:29.479 [info] > git for-each-ref --format=%(refname)%00%(upstream:short)%00%(objectname)%00%(upstream:track)%00%(upstream:remotename)%00%(upstream:remoteref) refs/heads/main refs/remotes/main [3ms]
2024-11-01 17:24:29.493 [warning] [Git][revParse] Unable to read file: ENOENT: no such file or directory, open '/home/raysuo/Echoes/Echoes/.git/refs/remotes/origin/main'
2024-11-01 17:24:29.495 [info] > git rev-parse refs/remotes/origin/main [2ms]
2024-11-01 17:24:29.524 [info] > git for-each-ref --sort -committerdate --format %(refname) %(objectname) %(*objectname) [3ms]
2024-11-01 17:24:29.649 [info] > git status -z -uall [141ms]
2024-11-01 17:24:38.771 [info] > git config --get commit.template [9ms]
2024-11-01 17:24:38.771 [info] > git for-each-ref --format=%(refname)%00%(upstream:short)%00%(objectname)%00%(upstream:track)%00%(upstream:remotename)%00%(upstream:remoteref) refs/heads/main refs/remotes/main [2ms]
2024-11-01 17:24:38.778 [warning] [Git][revParse] Unable to read file: ENOENT: no such file or directory, open '/home/raysuo/Echoes/Echoes/.git/refs/remotes/origin/main'
2024-11-01 17:24:38.780 [info] > git rev-parse refs/remotes/origin/main [1ms]
2024-11-01 17:24:38.796 [info] > git for-each-ref --sort -committerdate --format %(refname) %(objectname) %(*objectname) [2ms]
2024-11-01 17:24:38.916 [info] > git status -z -uall [129ms]
2024-11-01 17:24:43.935 [info] > git config --get commit.template [9ms]
2024-11-01 17:24:43.936 [info] > git for-each-ref --format=%(refname)%00%(upstream:short)%00%(objectname)%00%(upstream:track)%00%(upstream:remotename)%00%(upstream:remoteref) refs/heads/main refs/remotes/main [1ms]
2024-11-01 17:24:43.942 [warning] [Git][revParse] Unable to read file: ENOENT: no such file or directory, open '/home/raysuo/Echoes/Echoes/.git/refs/remotes/origin/main'
2024-11-01 17:24:43.944 [info] > git rev-parse refs/remotes/origin/main [2ms]
2024-11-01 17:24:43.961 [info] > git for-each-ref --sort -committerdate --format %(refname) %(objectname) %(*objectname) [1ms]
2024-11-01 17:24:44.082 [info] > git status -z -uall [130ms]
2024-11-01 17:24:49.113 [info] > git config --get commit.template [15ms]
2024-11-01 17:24:49.116 [info] > git for-each-ref --format=%(refname)%00%(upstream:short)%00%(objectname)%00%(upstream:track)%00%(upstream:remotename)%00%(upstream:remoteref) refs/heads/main refs/remotes/main [4ms]
2024-11-01 17:24:49.129 [warning] [Git][revParse] Unable to read file: ENOENT: no such file or directory, open '/home/raysuo/Echoes/Echoes/.git/refs/remotes/origin/main'
2024-11-01 17:24:49.132 [info] > git rev-parse refs/remotes/origin/main [3ms]
2024-11-01 17:24:49.154 [info] > git for-each-ref --sort -committerdate --format %(refname) %(objectname) %(*objectname) [2ms]
2024-11-01 17:24:49.281 [info] > git status -z -uall [138ms]
2024-11-01 17:24:55.448 [info] > git config --get commit.template [23ms]
2024-11-01 17:24:55.451 [info] > git for-each-ref --format=%(refname)%00%(upstream:short)%00%(objectname)%00%(upstream:track)%00%(upstream:remotename)%00%(upstream:remoteref) refs/heads/main refs/remotes/main [4ms]
2024-11-01 17:24:55.466 [warning] [Git][revParse] Unable to read file: ENOENT: no such file or directory, open '/home/raysuo/Echoes/Echoes/.git/refs/remotes/origin/main'
2024-11-01 17:24:55.468 [info] > git rev-parse refs/remotes/origin/main [2ms]
2024-11-01 17:24:55.491 [info] > git for-each-ref --sort -committerdate --format %(refname) %(objectname) %(*objectname) [2ms]
2024-11-01 17:24:55.620 [info] > git status -z -uall [141ms]
2024-11-01 17:25:00.639 [info] > git config --get commit.template [9ms]
2024-11-01 17:25:00.640 [info] > git for-each-ref --format=%(refname)%00%(upstream:short)%00%(objectname)%00%(upstream:track)%00%(upstream:remotename)%00%(upstream:remoteref) refs/heads/main refs/remotes/main [2ms]
2024-11-01 17:25:00.648 [warning] [Git][revParse] Unable to read file: ENOENT: no such file or directory, open '/home/raysuo/Echoes/Echoes/.git/refs/remotes/origin/main'
2024-11-01 17:25:00.649 [info] > git rev-parse refs/remotes/origin/main [2ms]
2024-11-01 17:25:00.666 [info] > git for-each-ref --sort -committerdate --format %(refname) %(objectname) %(*objectname) [2ms]
2024-11-01 17:25:00.785 [info] > git status -z -uall [129ms]
2024-11-01 17:25:09.248 [info] > git config --get commit.template [22ms]
2024-11-01 17:25:09.250 [info] > git for-each-ref --format=%(refname)%00%(upstream:short)%00%(objectname)%00%(upstream:track)%00%(upstream:remotename)%00%(upstream:remoteref) refs/heads/main refs/remotes/main [4ms]
2024-11-01 17:25:09.264 [warning] [Git][revParse] Unable to read file: ENOENT: no such file or directory, open '/home/raysuo/Echoes/Echoes/.git/refs/remotes/origin/main'
2024-11-01 17:25:09.266 [info] > git rev-parse refs/remotes/origin/main [2ms]
2024-11-01 17:25:09.294 [info] > git for-each-ref --sort -committerdate --format %(refname) %(objectname) %(*objectname) [2ms]
2024-11-01 17:25:09.421 [info] > git status -z -uall [142ms]
2024-11-01 17:25:14.711 [info] > git config --get commit.template [22ms]
2024-11-01 17:25:14.714 [info] > git for-each-ref --format=%(refname)%00%(upstream:short)%00%(objectname)%00%(upstream:track)%00%(upstream:remotename)%00%(upstream:remoteref) refs/heads/main refs/remotes/main [4ms]
2024-11-01 17:25:14.728 [warning] [Git][revParse] Unable to read file: ENOENT: no such file or directory, open '/home/raysuo/Echoes/Echoes/.git/refs/remotes/origin/main'
2024-11-01 17:25:14.731 [info] > git rev-parse refs/remotes/origin/main [3ms]
2024-11-01 17:25:14.754 [info] > git for-each-ref --sort -committerdate --format %(refname) %(objectname) %(*objectname) [2ms]
2024-11-01 17:25:14.876 [info] > git status -z -uall [134ms]
2024-11-01 17:25:20.432 [info] > git config --get commit.template [10ms]
2024-11-01 17:25:20.433 [info] > git for-each-ref --format=%(refname)%00%(upstream:short)%00%(objectname)%00%(upstream:track)%00%(upstream:remotename)%00%(upstream:remoteref) refs/heads/main refs/remotes/main [2ms]
2024-11-01 17:25:20.441 [warning] [Git][revParse] Unable to read file: ENOENT: no such file or directory, open '/home/raysuo/Echoes/Echoes/.git/refs/remotes/origin/main'
2024-11-01 17:25:20.443 [info] > git rev-parse refs/remotes/origin/main [2ms]
2024-11-01 17:25:20.462 [info] > git for-each-ref --sort -committerdate --format %(refname) %(objectname) %(*objectname) [2ms]
2024-11-01 17:25:20.585 [info] > git status -z -uall [134ms]
2024-11-01 17:25:26.539 [info] > git config --get commit.template [28ms]
2024-11-01 17:25:26.542 [info] > git for-each-ref --format=%(refname)%00%(upstream:short)%00%(objectname)%00%(upstream:track)%00%(upstream:remotename)%00%(upstream:remoteref) refs/heads/main refs/remotes/main [5ms]
2024-11-01 17:25:26.565 [warning] [Git][revParse] Unable to read file: ENOENT: no such file or directory, open '/home/raysuo/Echoes/Echoes/.git/refs/remotes/origin/main'
2024-11-01 17:25:26.570 [info] > git rev-parse refs/remotes/origin/main [5ms]
2024-11-01 17:25:26.605 [info] > git for-each-ref --sort -committerdate --format %(refname) %(objectname) %(*objectname) [2ms]
2024-11-01 17:25:26.733 [info] > git status -z -uall [144ms]
2024-11-01 17:25:31.791 [info] > git config --get commit.template [29ms]
2024-11-01 17:25:31.794 [info] > git for-each-ref --format=%(refname)%00%(upstream:short)%00%(objectname)%00%(upstream:track)%00%(upstream:remotename)%00%(upstream:remoteref) refs/heads/main refs/remotes/main [5ms]
2024-11-01 17:25:31.810 [warning] [Git][revParse] Unable to read file: ENOENT: no such file or directory, open '/home/raysuo/Echoes/Echoes/.git/refs/remotes/origin/main'
2024-11-01 17:25:31.813 [info] > git rev-parse refs/remotes/origin/main [3ms]
2024-11-01 17:25:31.835 [info] > git for-each-ref --sort -committerdate --format %(refname) %(objectname) %(*objectname) [1ms]
2024-11-01 17:25:31.992 [info] > git status -z -uall [168ms]
2024-11-01 17:26:41.996 [info] > git show --textconv :src/app/home/home.component.css [18ms]
2024-11-01 17:26:41.999 [info] > git ls-files --stage -- /home/raysuo/Echoes/Echoes/src/app/home/home.component.css [4ms]
2024-11-01 17:26:42.019 [info] > git cat-file -s 84e149e476681131a2843ff9ba1bc16755772caf [3ms]
2024-11-01 17:26:48.969 [info] > git config --get commit.template [12ms]
2024-11-01 17:26:48.970 [info] > git for-each-ref --format=%(refname)%00%(upstream:short)%00%(objectname)%00%(upstream:track)%00%(upstream:remotename)%00%(upstream:remoteref) refs/heads/main refs/remotes/main [2ms]
2024-11-01 17:26:48.979 [warning] [Git][revParse] Unable to read file: ENOENT: no such file or directory, open '/home/raysuo/Echoes/Echoes/.git/refs/remotes/origin/main'
2024-11-01 17:26:48.980 [info] > git rev-parse refs/remotes/origin/main [2ms]
2024-11-01 17:26:48.999 [info] > git for-each-ref --sort -committerdate --format %(refname) %(objectname) %(*objectname) [2ms]
2024-11-01 17:26:49.144 [info] > git status -z -uall [155ms]
2024-11-01 17:26:54.162 [info] > git config --get commit.template [8ms]
2024-11-01 17:26:54.163 [info] > git for-each-ref --format=%(refname)%00%(upstream:short)%00%(objectname)%00%(upstream:track)%00%(upstream:remotename)%00%(upstream:remoteref) refs/heads/main refs/remotes/main [2ms]
2024-11-01 17:26:54.169 [warning] [Git][revParse] Unable to read file: ENOENT: no such file or directory, open '/home/raysuo/Echoes/Echoes/.git/refs/remotes/origin/main'
2024-11-01 17:26:54.170 [info] > git rev-parse refs/remotes/origin/main [1ms]
2024-11-01 17:26:54.185 [info] > git for-each-ref --sort -committerdate --format %(refname) %(objectname) %(*objectname) [2ms]
2024-11-01 17:26:54.301 [info] > git status -z -uall [124ms]
2024-11-01 17:27:43.192 [info] > git config --get commit.template [16ms]
2024-11-01 17:27:43.193 [info] > git for-each-ref --format=%(refname)%00%(upstream:short)%00%(objectname)%00%(upstream:track)%00%(upstream:remotename)%00%(upstream:remoteref) refs/heads/main refs/remotes/main [2ms]
2024-11-01 17:27:43.202 [warning] [Git][revParse] Unable to read file: ENOENT: no such file or directory, open '/home/raysuo/Echoes/Echoes/.git/refs/remotes/origin/main'
2024-11-01 17:27:43.203 [info] > git rev-parse refs/remotes/origin/main [1ms]
2024-11-01 17:27:43.222 [info] > git for-each-ref --sort -committerdate --format %(refname) %(objectname) %(*objectname) [2ms]
2024-11-01 17:27:43.345 [info] > git status -z -uall [134ms]
2024-11-01 17:27:48.403 [info] > git config --get commit.template [29ms]
2024-11-01 17:27:48.406 [info] > git for-each-ref --format=%(refname)%00%(upstream:short)%00%(objectname)%00%(upstream:track)%00%(upstream:remotename)%00%(upstream:remoteref) refs/heads/main refs/remotes/main [5ms]
2024-11-01 17:27:48.430 [warning] [Git][revParse] Unable to read file: ENOENT: no such file or directory, open '/home/raysuo/Echoes/Echoes/.git/refs/remotes/origin/main'
2024-11-01 17:27:48.435 [info] > git rev-parse refs/remotes/origin/main [5ms]
2024-11-01 17:27:48.470 [info] > git for-each-ref --sort -committerdate --format %(refname) %(objectname) %(*objectname) [2ms]
2024-11-01 17:27:48.641 [info] > git status -z -uall [186ms]
2024-11-01 17:27:53.702 [info] > git config --get commit.template [32ms]
2024-11-01 17:27:53.706 [info] > git for-each-ref --format=%(refname)%00%(upstream:short)%00%(objectname)%00%(upstream:track)%00%(upstream:remotename)%00%(upstream:remoteref) refs/heads/main refs/remotes/main [7ms]
2024-11-01 17:27:53.733 [warning] [Git][revParse] Unable to read file: ENOENT: no such file or directory, open '/home/raysuo/Echoes/Echoes/.git/refs/remotes/origin/main'
2024-11-01 17:27:53.737 [info] > git rev-parse refs/remotes/origin/main [5ms]
2024-11-01 17:27:53.766 [info] > git for-each-ref --sort -committerdate --format %(refname) %(objectname) %(*objectname) [3ms]
2024-11-01 17:27:53.925 [info] > git status -z -uall [174ms]
2024-11-01 17:27:58.958 [info] > git config --get commit.template [8ms]
2024-11-01 17:27:58.959 [info] > git for-each-ref --format=%(refname)%00%(upstream:short)%00%(objectname)%00%(upstream:track)%00%(upstream:remotename)%00%(upstream:remoteref) refs/heads/main refs/remotes/main [1ms]
2024-11-01 17:27:58.966 [warning] [Git][revParse] Unable to read file: ENOENT: no such file or directory, open '/home/raysuo/Echoes/Echoes/.git/refs/remotes/origin/main'
2024-11-01 17:27:58.967 [info] > git rev-parse refs/remotes/origin/main [1ms]
2024-11-01 17:27:58.986 [info] > git for-each-ref --sort -committerdate --format %(refname) %(objectname) %(*objectname) [2ms]
2024-11-01 17:27:59.113 [info] > git status -z -uall [138ms]
2024-11-01 17:28:04.145 [info] > git show --textconv :src/app/home/home.component.html [12ms]
2024-11-01 17:28:04.147 [info] > git ls-files --stage -- /home/raysuo/Echoes/Echoes/src/app/home/home.component.html [2ms]
2024-11-01 17:28:04.157 [info] > git cat-file -s fa0761a92c2e7af142243a437d569dfa86db9f09 [2ms]
2024-11-01 17:28:27.449 [info] > git show --textconv :src/app/home/home.component.css [10ms]
2024-11-01 17:28:27.450 [info] > git ls-files --stage -- /home/raysuo/Echoes/Echoes/src/app/home/home.component.css [2ms]
2024-11-01 17:28:27.460 [info] > git cat-file -s 84e149e476681131a2843ff9ba1bc16755772caf [2ms]
2024-11-01 17:28:45.216 [info] > git config --get commit.template [10ms]
2024-11-01 17:28:45.217 [info] > git for-each-ref --format=%(refname)%00%(upstream:short)%00%(objectname)%00%(upstream:track)%00%(upstream:remotename)%00%(upstream:remoteref) refs/heads/main refs/remotes/main [2ms]
2024-11-01 17:28:45.228 [warning] [Git][revParse] Unable to read file: ENOENT: no such file or directory, open '/home/raysuo/Echoes/Echoes/.git/refs/remotes/origin/main'
2024-11-01 17:28:45.232 [info] > git rev-parse refs/remotes/origin/main [4ms]
2024-11-01 17:28:45.267 [info] > git for-each-ref --sort -committerdate --format %(refname) %(objectname) %(*objectname) [5ms]
2024-11-01 17:28:45.420 [info] > git status -z -uall [173ms]
2024-11-01 17:31:23.468 [info] > git config --get commit.template [9ms]
2024-11-01 17:31:23.469 [info] > git for-each-ref --format=%(refname)%00%(upstream:short)%00%(objectname)%00%(upstream:track)%00%(upstream:remotename)%00%(upstream:remoteref) refs/heads/main refs/remotes/main [2ms]
2024-11-01 17:31:23.477 [warning] [Git][revParse] Unable to read file: ENOENT: no such file or directory, open '/home/raysuo/Echoes/Echoes/.git/refs/remotes/origin/main'
2024-11-01 17:31:23.478 [info] > git rev-parse refs/remotes/origin/main [1ms]
2024-11-01 17:31:23.498 [info] > git for-each-ref --sort -committerdate --format %(refname) %(objectname) %(*objectname) [2ms]
2024-11-01 17:31:23.621 [info] > git status -z -uall [135ms]
2024-11-01 17:31:57.609 [info] > git config --get commit.template [23ms]
2024-11-01 17:31:57.611 [info] > git for-each-ref --format=%(refname)%00%(upstream:short)%00%(objectname)%00%(upstream:track)%00%(upstream:remotename)%00%(upstream:remoteref) refs/heads/main refs/remotes/main [3ms]
2024-11-01 17:31:57.622 [warning] [Git][revParse] Unable to read file: ENOENT: no such file or directory, open '/home/raysuo/Echoes/Echoes/.git/refs/remotes/origin/main'
2024-11-01 17:31:57.624 [info] > git rev-parse refs/remotes/origin/main [1ms]
2024-11-01 17:31:57.645 [info] > git for-each-ref --sort -committerdate --format %(refname) %(objectname) %(*objectname) [2ms]
2024-11-01 17:31:57.769 [info] > git status -z -uall [136ms]
2024-11-01 17:32:07.663 [info] > git config --get commit.template [6ms]
2024-11-01 17:32:07.678 [info] > git for-each-ref --format=%(refname)%00%(upstream:short)%00%(objectname)%00%(upstream:track)%00%(upstream:remotename)%00%(upstream:remoteref) refs/heads/main refs/remotes/main [3ms]
2024-11-01 17:32:07.690 [warning] [Git][revParse] Unable to read file: ENOENT: no such file or directory, open '/home/raysuo/Echoes/Echoes/.git/refs/remotes/origin/main'
2024-11-01 17:32:07.692 [info] > git rev-parse refs/remotes/origin/main [2ms]
2024-11-01 17:32:07.712 [info] > git for-each-ref --sort -committerdate --format %(refname) %(objectname) %(*objectname) [2ms]
2024-11-01 17:32:07.841 [info] > git status -z -uall [141ms]
2024-11-01 17:32:12.860 [info] > git config --get commit.template [9ms]
2024-11-01 17:32:12.861 [info] > git for-each-ref --format=%(refname)%00%(upstream:short)%00%(objectname)%00%(upstream:track)%00%(upstream:remotename)%00%(upstream:remoteref) refs/heads/main refs/remotes/main [2ms]
2024-11-01 17:32:12.869 [warning] [Git][revParse] Unable to read file: ENOENT: no such file or directory, open '/home/raysuo/Echoes/Echoes/.git/refs/remotes/origin/main'
2024-11-01 17:32:12.871 [info] > git rev-parse refs/remotes/origin/main [2ms]
2024-11-01 17:32:12.889 [info] > git for-each-ref --sort -committerdate --format %(refname) %(objectname) %(*objectname) [2ms]
2024-11-01 17:32:13.007 [info] > git status -z -uall [128ms]
2024-11-01 17:32:49.444 [info] > git show --textconv :src/app/home/home.component.html [14ms]
2024-11-01 17:32:49.446 [info] > git ls-files --stage -- /home/raysuo/Echoes/Echoes/src/app/home/home.component.html [3ms]
2024-11-01 17:32:49.456 [info] > git cat-file -s fa0761a92c2e7af142243a437d569dfa86db9f09 [2ms]
2024-11-01 17:33:22.944 [info] > git show --textconv :src/app/home/home.component.css [9ms]
2024-11-01 17:33:22.945 [info] > git ls-files --stage -- /home/raysuo/Echoes/Echoes/src/app/home/home.component.css [2ms]
2024-11-01 17:33:22.954 [info] > git cat-file -s 84e149e476681131a2843ff9ba1bc16755772caf [1ms]
2024-11-01 17:33:30.002 [info] > git config --get commit.template [22ms]
2024-11-01 17:33:30.004 [info] > git for-each-ref --format=%(refname)%00%(upstream:short)%00%(objectname)%00%(upstream:track)%00%(upstream:remotename)%00%(upstream:remoteref) refs/heads/main refs/remotes/main [4ms]
2024-11-01 17:33:30.020 [warning] [Git][revParse] Unable to read file: ENOENT: no such file or directory, open '/home/raysuo/Echoes/Echoes/.git/refs/remotes/origin/main'
2024-11-01 17:33:30.024 [info] > git rev-parse refs/remotes/origin/main [3ms]
2024-11-01 17:33:30.052 [info] > git for-each-ref --sort -committerdate --format %(refname) %(objectname) %(*objectname) [3ms]
2024-11-01 17:33:30.176 [info] > git status -z -uall [139ms]
2024-11-01 17:33:35.205 [info] > git config --get commit.template [11ms]
2024-11-01 17:33:35.206 [info] > git for-each-ref --format=%(refname)%00%(upstream:short)%00%(objectname)%00%(upstream:track)%00%(upstream:remotename)%00%(upstream:remoteref) refs/heads/main refs/remotes/main [2ms]
2024-11-01 17:33:35.213 [warning] [Git][revParse] Unable to read file: ENOENT: no such file or directory, open '/home/raysuo/Echoes/Echoes/.git/refs/remotes/origin/main'
2024-11-01 17:33:35.214 [info] > git rev-parse refs/remotes/origin/main [1ms]
2024-11-01 17:33:35.229 [info] > git for-each-ref --sort -committerdate --format %(refname) %(objectname) %(*objectname) [1ms]
2024-11-01 17:33:35.347 [info] > git status -z -uall [126ms]
2024-11-01 17:33:40.378 [info] > git config --get commit.template [11ms]
2024-11-01 17:33:40.379 [info] > git for-each-ref --format=%(refname)%00%(upstream:short)%00%(objectname)%00%(upstream:track)%00%(upstream:remotename)%00%(upstream:remoteref) refs/heads/main refs/remotes/main [2ms]
2024-11-01 17:33:40.390 [warning] [Git][revParse] Unable to read file: ENOENT: no such file or directory, open '/home/raysuo/Echoes/Echoes/.git/refs/remotes/origin/main'
2024-11-01 17:33:40.392 [info] > git rev-parse refs/remotes/origin/main [2ms]
2024-11-01 17:33:40.415 [info] > git for-each-ref --sort -committerdate --format %(refname) %(objectname) %(*objectname) [2ms]
2024-11-01 17:33:40.544 [info] > git status -z -uall [142ms]
2024-11-01 17:35:38.096 [info] > git show --textconv :src/app/home/home.component.html [18ms]
2024-11-01 17:35:38.100 [info] > git ls-files --stage -- /home/raysuo/Echoes/Echoes/src/app/home/home.component.html [4ms]
2024-11-01 17:35:38.117 [info] > git cat-file -s fa0761a92c2e7af142243a437d569dfa86db9f09 [3ms]
2024-11-01 17:35:50.363 [info] > git show --textconv :src/app/home/home.component.ts [12ms]
2024-11-01 17:35:50.364 [info] > git ls-files --stage -- /home/raysuo/Echoes/Echoes/src/app/home/home.component.ts [2ms]
2024-11-01 17:35:50.375 [info] > git cat-file -s 33fd77077e85c8529f9abf3454b8decb6ca81917 [3ms]
2024-11-01 17:35:59.042 [info] > git config --get commit.template [11ms]
2024-11-01 17:35:59.043 [info] > git for-each-ref --format=%(refname)%00%(upstream:short)%00%(objectname)%00%(upstream:track)%00%(upstream:remotename)%00%(upstream:remoteref) refs/heads/main refs/remotes/main [2ms]
2024-11-01 17:35:59.052 [warning] [Git][revParse] Unable to read file: ENOENT: no such file or directory, open '/home/raysuo/Echoes/Echoes/.git/refs/remotes/origin/main'
2024-11-01 17:35:59.053 [info] > git rev-parse refs/remotes/origin/main [2ms]
2024-11-01 17:35:59.071 [info] > git for-each-ref --sort -committerdate --format %(refname) %(objectname) %(*objectname) [2ms]
2024-11-01 17:35:59.257 [info] > git status -z -uall [196ms]
2024-11-01 17:36:04.314 [info] > git config --get commit.template [26ms]
2024-11-01 17:36:04.317 [info] > git for-each-ref --format=%(refname)%00%(upstream:short)%00%(objectname)%00%(upstream:track)%00%(upstream:remotename)%00%(upstream:remoteref) refs/heads/main refs/remotes/main [5ms]
2024-11-01 17:36:04.338 [warning] [Git][revParse] Unable to read file: ENOENT: no such file or directory, open '/home/raysuo/Echoes/Echoes/.git/refs/remotes/origin/main'
2024-11-01 17:36:04.341 [info] > git rev-parse refs/remotes/origin/main [2ms]
2024-11-01 17:36:04.364 [info] > git for-each-ref --sort -committerdate --format %(refname) %(objectname) %(*objectname) [2ms]
2024-11-01 17:36:04.482 [info] > git status -z -uall [130ms]
2024-11-01 17:36:29.149 [info] > git config --get commit.template [8ms]
2024-11-01 17:36:29.150 [info] > git for-each-ref --format=%(refname)%00%(upstream:short)%00%(objectname)%00%(upstream:track)%00%(upstream:remotename)%00%(upstream:remoteref) refs/heads/main refs/remotes/main [2ms]
2024-11-01 17:36:29.157 [warning] [Git][revParse] Unable to read file: ENOENT: no such file or directory, open '/home/raysuo/Echoes/Echoes/.git/refs/remotes/origin/main'
2024-11-01 17:36:29.158 [info] > git rev-parse refs/remotes/origin/main [1ms]
2024-11-01 17:36:29.177 [info] > git for-each-ref --sort -committerdate --format %(refname) %(objectname) %(*objectname) [1ms]
2024-11-01 17:36:29.314 [info] > git status -z -uall [148ms]
2024-11-01 17:36:34.371 [info] > git config --get commit.template [26ms]
2024-11-01 17:36:34.374 [info] > git for-each-ref --format=%(refname)%00%(upstream:short)%00%(objectname)%00%(upstream:track)%00%(upstream:remotename)%00%(upstream:remoteref) refs/heads/main refs/remotes/main [5ms]
2024-11-01 17:36:34.397 [warning] [Git][revParse] Unable to read file: ENOENT: no such file or directory, open '/home/raysuo/Echoes/Echoes/.git/refs/remotes/origin/main'
2024-11-01 17:36:34.401 [info] > git rev-parse refs/remotes/origin/main [4ms]
2024-11-01 17:36:34.446 [info] > git for-each-ref --sort -committerdate --format %(refname) %(objectname) %(*objectname) [5ms]
2024-11-01 17:36:34.572 [info] > git status -z -uall [148ms]
2024-11-01 17:36:39.596 [info] > git config --get commit.template [11ms]
2024-11-01 17:36:39.596 [info] > git for-each-ref --format=%(refname)%00%(upstream:short)%00%(objectname)%00%(upstream:track)%00%(upstream:remotename)%00%(upstream:remoteref) refs/heads/main refs/remotes/main [1ms]
2024-11-01 17:36:39.605 [warning] [Git][revParse] Unable to read file: ENOENT: no such file or directory, open '/home/raysuo/Echoes/Echoes/.git/refs/remotes/origin/main'
2024-11-01 17:36:39.606 [info] > git rev-parse refs/remotes/origin/main [1ms]
2024-11-01 17:36:39.624 [info] > git for-each-ref --sort -committerdate --format %(refname) %(objectname) %(*objectname) [2ms]
2024-11-01 17:36:39.747 [info] > git status -z -uall [133ms]
2024-11-01 17:36:44.779 [info] > git config --get commit.template [8ms]
2024-11-01 17:36:44.780 [info] > git for-each-ref --format=%(refname)%00%(upstream:short)%00%(objectname)%00%(upstream:track)%00%(upstream:remotename)%00%(upstream:remoteref) refs/heads/main refs/remotes/main [2ms]
2024-11-01 17:36:44.787 [warning] [Git][revParse] Unable to read file: ENOENT: no such file or directory, open '/home/raysuo/Echoes/Echoes/.git/refs/remotes/origin/main'
2024-11-01 17:36:44.788 [info] > git rev-parse refs/remotes/origin/main [1ms]
2024-11-01 17:36:44.803 [info] > git for-each-ref --sort -committerdate --format %(refname) %(objectname) %(*objectname) [1ms]
2024-11-01 17:36:44.920 [info] > git status -z -uall [125ms]
2024-11-01 17:36:49.954 [info] > git config --get commit.template [5ms]
2024-11-01 17:36:49.978 [info] > git for-each-ref --format=%(refname)%00%(upstream:short)%00%(objectname)%00%(upstream:track)%00%(upstream:remotename)%00%(upstream:remoteref) refs/heads/main refs/remotes/main [3ms]
2024-11-01 17:36:49.992 [warning] [Git][revParse] Unable to read file: ENOENT: no such file or directory, open '/home/raysuo/Echoes/Echoes/.git/refs/remotes/origin/main'
2024-11-01 17:36:49.994 [info] > git rev-parse refs/remotes/origin/main [2ms]
2024-11-01 17:36:50.017 [info] > git for-each-ref --sort -committerdate --format %(refname) %(objectname) %(*objectname) [2ms]
2024-11-01 17:36:50.142 [info] > git status -z -uall [137ms]
2024-11-01 17:36:54.879 [info] > git show --textconv :src/app/home/home.component.css [10ms]
2024-11-01 17:36:54.881 [info] > git ls-files --stage -- /home/raysuo/Echoes/Echoes/src/app/home/home.component.css [2ms]
2024-11-01 17:36:54.890 [info] > git cat-file -s 84e149e476681131a2843ff9ba1bc16755772caf [2ms]
2024-11-01 17:36:55.166 [info] > git config --get commit.template [9ms]
2024-11-01 17:36:55.168 [info] > git for-each-ref --format=%(refname)%00%(upstream:short)%00%(objectname)%00%(upstream:track)%00%(upstream:remotename)%00%(upstream:remoteref) refs/heads/main refs/remotes/main [2ms]
2024-11-01 17:36:55.176 [warning] [Git][revParse] Unable to read file: ENOENT: no such file or directory, open '/home/raysuo/Echoes/Echoes/.git/refs/remotes/origin/main'
2024-11-01 17:36:55.177 [info] > git rev-parse refs/remotes/origin/main [1ms]
2024-11-01 17:36:55.197 [info] > git for-each-ref --sort -committerdate --format %(refname) %(objectname) %(*objectname) [2ms]
2024-11-01 17:36:55.326 [info] > git status -z -uall [141ms]
2024-11-01 17:37:09.272 [info] > git show --textconv :src/app/home/home.component.html [18ms]
2024-11-01 17:37:09.277 [info] > git ls-files --stage -- /home/raysuo/Echoes/Echoes/src/app/home/home.component.html [7ms]
2024-11-01 17:37:09.295 [info] > git cat-file -s fa0761a92c2e7af142243a437d569dfa86db9f09 [3ms]
2024-11-01 17:37:11.508 [info] > git show --textconv :src/app/home/home.component.ts [14ms]
2024-11-01 17:37:11.511 [info] > git ls-files --stage -- /home/raysuo/Echoes/Echoes/src/app/home/home.component.ts [4ms]
2024-11-01 17:37:11.527 [info] > git cat-file -s 33fd77077e85c8529f9abf3454b8decb6ca81917 [5ms]
2024-11-01 17:38:14.218 [info] > git show --textconv :src/app/home/home.component.css [12ms]
2024-11-01 17:38:14.220 [info] > git ls-files --stage -- /home/raysuo/Echoes/Echoes/src/app/home/home.component.css [2ms]
2024-11-01 17:38:14.230 [info] > git cat-file -s 84e149e476681131a2843ff9ba1bc16755772caf [2ms]
2024-11-01 17:38:33.530 [info] > git config --get commit.template [27ms]
2024-11-01 17:38:33.532 [info] > git for-each-ref --format=%(refname)%00%(upstream:short)%00%(objectname)%00%(upstream:track)%00%(upstream:remotename)%00%(upstream:remoteref) refs/heads/main refs/remotes/main [4ms]
2024-11-01 17:38:33.548 [warning] [Git][revParse] Unable to read file: ENOENT: no such file or directory, open '/home/raysuo/Echoes/Echoes/.git/refs/remotes/origin/main'
2024-11-01 17:38:33.551 [info] > git rev-parse refs/remotes/origin/main [2ms]
2024-11-01 17:38:33.572 [info] > git for-each-ref --sort -committerdate --format %(refname) %(objectname) %(*objectname) [2ms]
2024-11-01 17:38:33.694 [info] > git status -z -uall [133ms]
2024-11-01 17:38:45.179 [info] > git config --get commit.template [23ms]
2024-11-01 17:38:45.181 [info] > git for-each-ref --format=%(refname)%00%(upstream:short)%00%(objectname)%00%(upstream:track)%00%(upstream:remotename)%00%(upstream:remoteref) refs/heads/main refs/remotes/main [4ms]
2024-11-01 17:38:45.193 [warning] [Git][revParse] Unable to read file: ENOENT: no such file or directory, open '/home/raysuo/Echoes/Echoes/.git/refs/remotes/origin/main'
2024-11-01 17:38:45.195 [info] > git rev-parse refs/remotes/origin/main [2ms]
2024-11-01 17:38:45.214 [info] > git for-each-ref --sort -committerdate --format %(refname) %(objectname) %(*objectname) [1ms]
2024-11-01 17:38:45.340 [info] > git status -z -uall [136ms]
2024-11-01 17:38:50.360 [info] > git config --get commit.template [9ms]
2024-11-01 17:38:50.361 [info] > git for-each-ref --format=%(refname)%00%(upstream:short)%00%(objectname)%00%(upstream:track)%00%(upstream:remotename)%00%(upstream:remoteref) refs/heads/main refs/remotes/main [1ms]
2024-11-01 17:38:50.369 [warning] [Git][revParse] Unable to read file: ENOENT: no such file or directory, open '/home/raysuo/Echoes/Echoes/.git/refs/remotes/origin/main'
2024-11-01 17:38:50.371 [info] > git rev-parse refs/remotes/origin/main [2ms]
2024-11-01 17:38:50.389 [info] > git for-each-ref --sort -committerdate --format %(refname) %(objectname) %(*objectname) [2ms]
2024-11-01 17:38:50.510 [info] > git status -z -uall [132ms]
2024-11-01 17:39:13.343 [info] > git config --get commit.template [3ms]
2024-11-01 17:39:13.355 [info] > git for-each-ref --format=%(refname)%00%(upstream:short)%00%(objectname)%00%(upstream:track)%00%(upstream:remotename)%00%(upstream:remoteref) refs/heads/main refs/remotes/main [2ms]
2024-11-01 17:39:13.363 [warning] [Git][revParse] Unable to read file: ENOENT: no such file or directory, open '/home/raysuo/Echoes/Echoes/.git/refs/remotes/origin/main'
2024-11-01 17:39:13.365 [info] > git rev-parse refs/remotes/origin/main [2ms]
2024-11-01 17:39:13.383 [info] > git for-each-ref --sort -committerdate --format %(refname) %(objectname) %(*objectname) [2ms]
2024-11-01 17:39:13.511 [info] > git status -z -uall [138ms]
2024-11-01 17:39:18.533 [info] > git config --get commit.template [7ms]
2024-11-01 17:39:18.534 [info] > git for-each-ref --format=%(refname)%00%(upstream:short)%00%(objectname)%00%(upstream:track)%00%(upstream:remotename)%00%(upstream:remoteref) refs/heads/main refs/remotes/main [1ms]
2024-11-01 17:39:18.541 [warning] [Git][revParse] Unable to read file: ENOENT: no such file or directory, open '/home/raysuo/Echoes/Echoes/.git/refs/remotes/origin/main'
2024-11-01 17:39:18.543 [info] > git rev-parse refs/remotes/origin/main [2ms]
2024-11-01 17:39:18.558 [info] > git for-each-ref --sort -committerdate --format %(refname) %(objectname) %(*objectname) [2ms]
2024-11-01 17:39:18.676 [info] > git status -z -uall [127ms]
2024-11-01 17:39:29.027 [info] > git config --get commit.template [11ms]
2024-11-01 17:39:29.028 [info] > git for-each-ref --format=%(refname)%00%(upstream:short)%00%(objectname)%00%(upstream:track)%00%(upstream:remotename)%00%(upstream:remoteref) refs/heads/main refs/remotes/main [2ms]
2024-11-01 17:39:29.037 [warning] [Git][revParse] Unable to read file: ENOENT: no such file or directory, open '/home/raysuo/Echoes/Echoes/.git/refs/remotes/origin/main'
2024-11-01 17:39:29.038 [info] > git rev-parse refs/remotes/origin/main [1ms]
2024-11-01 17:39:29.057 [info] > git for-each-ref --sort -committerdate --format %(refname) %(objectname) %(*objectname) [2ms]
2024-11-01 17:39:29.188 [info] > git status -z -uall [141ms]
2024-11-01 17:39:34.228 [info] > git config --get commit.template [13ms]
2024-11-01 17:39:34.229 [info] > git for-each-ref --format=%(refname)%00%(upstream:short)%00%(objectname)%00%(upstream:track)%00%(upstream:remotename)%00%(upstream:remoteref) refs/heads/main refs/remotes/main [2ms]
2024-11-01 17:39:34.237 [warning] [Git][revParse] Unable to read file: ENOENT: no such file or directory, open '/home/raysuo/Echoes/Echoes/.git/refs/remotes/origin/main'
2024-11-01 17:39:34.238 [info] > git rev-parse refs/remotes/origin/main [1ms]
2024-11-01 17:39:34.254 [info] > git for-each-ref --sort -committerdate --format %(refname) %(objectname) %(*objectname) [2ms]
2024-11-01 17:39:34.371 [info] > git status -z -uall [126ms]
2024-11-01 17:39:51.863 [info] > git config --get commit.template [28ms]
2024-11-01 17:39:51.869 [info] > git for-each-ref --format=%(refname)%00%(upstream:short)%00%(objectname)%00%(upstream:track)%00%(upstream:remotename)%00%(upstream:remoteref) refs/heads/main refs/remotes/main [7ms]
2024-11-01 17:39:51.893 [warning] [Git][revParse] Unable to read file: ENOENT: no such file or directory, open '/home/raysuo/Echoes/Echoes/.git/refs/remotes/origin/main'
2024-11-01 17:39:51.898 [info] > git rev-parse refs/remotes/origin/main [4ms]
2024-11-01 17:39:51.951 [info] > git for-each-ref --sort -committerdate --format %(refname) %(objectname) %(*objectname) [4ms]
2024-11-01 17:39:52.087 [info] > git status -z -uall [165ms]
2024-11-01 17:41:25.610 [info] > git show --textconv :src/app/home/home.component.html [9ms]
2024-11-01 17:41:25.611 [info] > git ls-files --stage -- /home/raysuo/Echoes/Echoes/src/app/home/home.component.html [1ms]
2024-11-01 17:41:25.621 [info] > git cat-file -s fa0761a92c2e7af142243a437d569dfa86db9f09 [2ms]
2024-11-01 17:41:30.220 [info] > git show --textconv :src/app/home/home.component.css [21ms]
2024-11-01 17:41:30.223 [info] > git ls-files --stage -- /home/raysuo/Echoes/Echoes/src/app/home/home.component.css [5ms]
2024-11-01 17:41:30.235 [info] > git cat-file -s 84e149e476681131a2843ff9ba1bc16755772caf [1ms]
2024-11-01 17:41:40.879 [info] > git config --get commit.template [12ms]
2024-11-01 17:41:40.881 [info] > git for-each-ref --format=%(refname)%00%(upstream:short)%00%(objectname)%00%(upstream:track)%00%(upstream:remotename)%00%(upstream:remoteref) refs/heads/main refs/remotes/main [3ms]
2024-11-01 17:41:40.891 [warning] [Git][revParse] Unable to read file: ENOENT: no such file or directory, open '/home/raysuo/Echoes/Echoes/.git/refs/remotes/origin/main'
2024-11-01 17:41:40.893 [info] > git rev-parse refs/remotes/origin/main [2ms]
2024-11-01 17:41:40.917 [info] > git for-each-ref --sort -committerdate --format %(refname) %(objectname) %(*objectname) [2ms]
2024-11-01 17:41:41.052 [info] > git status -z -uall [149ms]
2024-11-01 17:41:46.075 [info] > git config --get commit.template [10ms]
2024-11-01 17:41:46.077 [info] > git for-each-ref --format=%(refname)%00%(upstream:short)%00%(objectname)%00%(upstream:track)%00%(upstream:remotename)%00%(upstream:remoteref) refs/heads/main refs/remotes/main [3ms]
2024-11-01 17:41:46.085 [warning] [Git][revParse] Unable to read file: ENOENT: no such file or directory, open '/home/raysuo/Echoes/Echoes/.git/refs/remotes/origin/main'
2024-11-01 17:41:46.086 [info] > git rev-parse refs/remotes/origin/main [1ms]
2024-11-01 17:41:46.110 [info] > git for-each-ref --sort -committerdate --format %(refname) %(objectname) %(*objectname) [3ms]
2024-11-01 17:41:46.254 [info] > git status -z -uall [159ms]
2024-11-01 17:41:54.732 [info] > git config --get commit.template [28ms]
2024-11-01 17:41:54.737 [info] > git for-each-ref --format=%(refname)%00%(upstream:short)%00%(objectname)%00%(upstream:track)%00%(upstream:remotename)%00%(upstream:remoteref) refs/heads/main refs/remotes/main [7ms]
2024-11-01 17:41:54.750 [warning] [Git][revParse] Unable to read file: ENOENT: no such file or directory, open '/home/raysuo/Echoes/Echoes/.git/refs/remotes/origin/main'
2024-11-01 17:41:54.753 [info] > git rev-parse refs/remotes/origin/main [2ms]
2024-11-01 17:41:54.779 [info] > git for-each-ref --sort -committerdate --format %(refname) %(objectname) %(*objectname) [2ms]
2024-11-01 17:41:54.904 [info] > git status -z -uall [139ms]
2024-11-01 17:41:59.942 [info] > git config --get commit.template [11ms]
2024-11-01 17:41:59.943 [info] > git for-each-ref --format=%(refname)%00%(upstream:short)%00%(objectname)%00%(upstream:track)%00%(upstream:remotename)%00%(upstream:remoteref) refs/heads/main refs/remotes/main [2ms]
2024-11-01 17:41:59.953 [warning] [Git][revParse] Unable to read file: ENOENT: no such file or directory, open '/home/raysuo/Echoes/Echoes/.git/refs/remotes/origin/main'
2024-11-01 17:41:59.955 [info] > git rev-parse refs/remotes/origin/main [2ms]
2024-11-01 17:41:59.977 [info] > git for-each-ref --sort -committerdate --format %(refname) %(objectname) %(*objectname) [3ms]
2024-11-01 17:42:00.122 [info] > git status -z -uall [157ms]
2024-11-01 17:42:05.175 [info] > git config --get commit.template [24ms]
2024-11-01 17:42:05.178 [info] > git for-each-ref --format=%(refname)%00%(upstream:short)%00%(objectname)%00%(upstream:track)%00%(upstream:remotename)%00%(upstream:remoteref) refs/heads/main refs/remotes/main [4ms]
2024-11-01 17:42:05.196 [warning] [Git][revParse] Unable to read file: ENOENT: no such file or directory, open '/home/raysuo/Echoes/Echoes/.git/refs/remotes/origin/main'
2024-11-01 17:42:05.199 [info] > git rev-parse refs/remotes/origin/main [3ms]
2024-11-01 17:42:05.228 [info] > git for-each-ref --sort -committerdate --format %(refname) %(objectname) %(*objectname) [2ms]
2024-11-01 17:42:05.349 [info] > git status -z -uall [136ms]
2024-11-01 17:42:10.367 [info] > git config --get commit.template [2ms]
2024-11-01 17:42:10.377 [info] > git for-each-ref --format=%(refname)%00%(upstream:short)%00%(objectname)%00%(upstream:track)%00%(upstream:remotename)%00%(upstream:remoteref) refs/heads/main refs/remotes/main [2ms]
2024-11-01 17:42:10.386 [warning] [Git][revParse] Unable to read file: ENOENT: no such file or directory, open '/home/raysuo/Echoes/Echoes/.git/refs/remotes/origin/main'
2024-11-01 17:42:10.387 [info] > git rev-parse refs/remotes/origin/main [1ms]
2024-11-01 17:42:10.406 [info] > git for-each-ref --sort -committerdate --format %(refname) %(objectname) %(*objectname) [2ms]
2024-11-01 17:42:10.527 [info] > git status -z -uall [132ms]
2024-11-01 17:42:15.554 [info] > git config --get commit.template [11ms]
2024-11-01 17:42:15.555 [info] > git for-each-ref --format=%(refname)%00%(upstream:short)%00%(objectname)%00%(upstream:track)%00%(upstream:remotename)%00%(upstream:remoteref) refs/heads/main refs/remotes/main [2ms]
2024-11-01 17:42:15.566 [warning] [Git][revParse] Unable to read file: ENOENT: no such file or directory, open '/home/raysuo/Echoes/Echoes/.git/refs/remotes/origin/main'
2024-11-01 17:42:15.567 [info] > git rev-parse refs/remotes/origin/main [2ms]
2024-11-01 17:42:15.590 [info] > git for-each-ref --sort -committerdate --format %(refname) %(objectname) %(*objectname) [3ms]
2024-11-01 17:42:15.716 [info] > git status -z -uall [139ms]
2024-11-01 17:44:31.332 [info] > git show --textconv :src/app/home/home.component.html [13ms]
2024-11-01 17:44:31.335 [info] > git ls-files --stage -- /home/raysuo/Echoes/Echoes/src/app/home/home.component.html [4ms]
2024-11-01 17:44:31.350 [info] > git cat-file -s fa0761a92c2e7af142243a437d569dfa86db9f09 [3ms]
2024-11-01 17:45:14.778 [info] > git show --textconv :src/app/home/home.component.ts [13ms]
2024-11-01 17:45:14.785 [info] > git ls-files --stage -- /home/raysuo/Echoes/Echoes/src/app/home/home.component.ts [8ms]
2024-11-01 17:45:14.795 [info] > git cat-file -s 33fd77077e85c8529f9abf3454b8decb6ca81917 [2ms]
2024-11-01 17:46:16.645 [info] > git show --textconv :src/app/home/home.component.css [19ms]
2024-11-01 17:46:16.648 [info] > git ls-files --stage -- /home/raysuo/Echoes/Echoes/src/app/home/home.component.css [4ms]
2024-11-01 17:46:16.663 [info] > git cat-file -s 84e149e476681131a2843ff9ba1bc16755772caf [3ms]
2024-11-01 17:46:23.906 [info] > git config --get commit.template [14ms]
2024-11-01 17:46:23.908 [info] > git for-each-ref --format=%(refname)%00%(upstream:short)%00%(objectname)%00%(upstream:track)%00%(upstream:remotename)%00%(upstream:remoteref) refs/heads/main refs/remotes/main [3ms]
2024-11-01 17:46:23.921 [warning] [Git][revParse] Unable to read file: ENOENT: no such file or directory, open '/home/raysuo/Echoes/Echoes/.git/refs/remotes/origin/main'
2024-11-01 17:46:23.924 [info] > git rev-parse refs/remotes/origin/main [3ms]
2024-11-01 17:46:23.952 [info] > git for-each-ref --sort -committerdate --format %(refname) %(objectname) %(*objectname) [2ms]
2024-11-01 17:46:24.079 [info] > git status -z -uall [142ms]
2024-11-01 17:46:29.097 [info] > git config --get commit.template [8ms]
2024-11-01 17:46:29.098 [info] > git for-each-ref --format=%(refname)%00%(upstream:short)%00%(objectname)%00%(upstream:track)%00%(upstream:remotename)%00%(upstream:remoteref) refs/heads/main refs/remotes/main [2ms]
2024-11-01 17:46:29.105 [warning] [Git][revParse] Unable to read file: ENOENT: no such file or directory, open '/home/raysuo/Echoes/Echoes/.git/refs/remotes/origin/main'
2024-11-01 17:46:29.106 [info] > git rev-parse refs/remotes/origin/main [1ms]
2024-11-01 17:46:29.122 [info] > git for-each-ref --sort -committerdate --format %(refname) %(objectname) %(*objectname) [2ms]
2024-11-01 17:46:29.247 [info] > git status -z -uall [134ms]
2024-11-01 17:46:34.281 [info] > git config --get commit.template [5ms]
2024-11-01 17:46:34.307 [info] > git for-each-ref --format=%(refname)%00%(upstream:short)%00%(objectname)%00%(upstream:track)%00%(upstream:remotename)%00%(upstream:remoteref) refs/heads/main refs/remotes/main [8ms]
2024-11-01 17:46:34.315 [warning] [Git][revParse] Unable to read file: ENOENT: no such file or directory, open '/home/raysuo/Echoes/Echoes/.git/refs/remotes/origin/main'
2024-11-01 17:46:34.363 [info] > git rev-parse refs/remotes/origin/main [48ms]
2024-11-01 17:46:34.382 [info] > git for-each-ref --sort -committerdate --format %(refname) %(objectname) %(*objectname) [1ms]
2024-11-01 17:46:34.578 [info] > git status -z -uall [207ms]
2024-11-01 17:46:39.634 [info] > git config --get commit.template [27ms]
2024-11-01 17:46:39.637 [info] > git for-each-ref --format=%(refname)%00%(upstream:short)%00%(objectname)%00%(upstream:track)%00%(upstream:remotename)%00%(upstream:remoteref) refs/heads/main refs/remotes/main [4ms]
2024-11-01 17:46:39.649 [warning] [Git][revParse] Unable to read file: ENOENT: no such file or directory, open '/home/raysuo/Echoes/Echoes/.git/refs/remotes/origin/main'
2024-11-01 17:46:39.652 [info] > git rev-parse refs/remotes/origin/main [3ms]
2024-11-01 17:46:39.678 [info] > git for-each-ref --sort -committerdate --format %(refname) %(objectname) %(*objectname) [2ms]
2024-11-01 17:46:39.830 [info] > git status -z -uall [167ms]
2024-11-01 17:46:44.876 [info] > git config --get commit.template [15ms]
2024-11-01 17:46:44.877 [info] > git for-each-ref --format=%(refname)%00%(upstream:short)%00%(objectname)%00%(upstream:track)%00%(upstream:remotename)%00%(upstream:remoteref) refs/heads/main refs/remotes/main [2ms]
2024-11-01 17:46:44.885 [warning] [Git][revParse] Unable to read file: ENOENT: no such file or directory, open '/home/raysuo/Echoes/Echoes/.git/refs/remotes/origin/main'
2024-11-01 17:46:44.886 [info] > git rev-parse refs/remotes/origin/main [1ms]
2024-11-01 17:46:44.904 [info] > git for-each-ref --sort -committerdate --format %(refname) %(objectname) %(*objectname) [2ms]
2024-11-01 17:46:45.024 [info] > git status -z -uall [130ms]
2024-11-01 17:46:50.080 [info] > git config --get commit.template [26ms]
2024-11-01 17:46:50.084 [info] > git for-each-ref --format=%(refname)%00%(upstream:short)%00%(objectname)%00%(upstream:track)%00%(upstream:remotename)%00%(upstream:remoteref) refs/heads/main refs/remotes/main [5ms]
2024-11-01 17:46:50.104 [warning] [Git][revParse] Unable to read file: ENOENT: no such file or directory, open '/home/raysuo/Echoes/Echoes/.git/refs/remotes/origin/main'
2024-11-01 17:46:50.108 [info] > git rev-parse refs/remotes/origin/main [3ms]
2024-11-01 17:46:50.137 [info] > git for-each-ref --sort -committerdate --format %(refname) %(objectname) %(*objectname) [3ms]
2024-11-01 17:46:50.263 [info] > git status -z -uall [141ms]
2024-11-01 17:46:55.277 [info] > git config --get commit.template [2ms]
2024-11-01 17:46:55.287 [info] > git for-each-ref --format=%(refname)%00%(upstream:short)%00%(objectname)%00%(upstream:track)%00%(upstream:remotename)%00%(upstream:remoteref) refs/heads/main refs/remotes/main [1ms]
2024-11-01 17:46:55.296 [warning] [Git][revParse] Unable to read file: ENOENT: no such file or directory, open '/home/raysuo/Echoes/Echoes/.git/refs/remotes/origin/main'
2024-11-01 17:46:55.297 [info] > git rev-parse refs/remotes/origin/main [1ms]
2024-11-01 17:46:55.315 [info] > git for-each-ref --sort -committerdate --format %(refname) %(objectname) %(*objectname) [1ms]
2024-11-01 17:46:55.463 [info] > git status -z -uall [158ms]
2024-11-01 17:47:00.519 [info] > git config --get commit.template [30ms]
2024-11-01 17:47:00.524 [info] > git for-each-ref --format=%(refname)%00%(upstream:short)%00%(objectname)%00%(upstream:track)%00%(upstream:remotename)%00%(upstream:remoteref) refs/heads/main refs/remotes/main [8ms]
2024-11-01 17:47:00.540 [warning] [Git][revParse] Unable to read file: ENOENT: no such file or directory, open '/home/raysuo/Echoes/Echoes/.git/refs/remotes/origin/main'
2024-11-01 17:47:00.543 [info] > git rev-parse refs/remotes/origin/main [3ms]
2024-11-01 17:47:00.567 [info] > git for-each-ref --sort -committerdate --format %(refname) %(objectname) %(*objectname) [2ms]
2024-11-01 17:47:00.686 [info] > git status -z -uall [130ms]
2024-11-01 17:47:05.705 [info] > git config --get commit.template [8ms]
2024-11-01 17:47:05.706 [info] > git for-each-ref --format=%(refname)%00%(upstream:short)%00%(objectname)%00%(upstream:track)%00%(upstream:remotename)%00%(upstream:remoteref) refs/heads/main refs/remotes/main [1ms]
2024-11-01 17:47:05.714 [warning] [Git][revParse] Unable to read file: ENOENT: no such file or directory, open '/home/raysuo/Echoes/Echoes/.git/refs/remotes/origin/main'
2024-11-01 17:47:05.715 [info] > git rev-parse refs/remotes/origin/main [1ms]
2024-11-01 17:47:05.732 [info] > git for-each-ref --sort -committerdate --format %(refname) %(objectname) %(*objectname) [1ms]
2024-11-01 17:47:05.854 [info] > git status -z -uall [132ms]
2024-11-01 17:47:10.875 [info] > git config --get commit.template [9ms]
2024-11-01 17:47:10.877 [info] > git for-each-ref --format=%(refname)%00%(upstream:short)%00%(objectname)%00%(upstream:track)%00%(upstream:remotename)%00%(upstream:remoteref) refs/heads/main refs/remotes/main [2ms]
2024-11-01 17:47:10.885 [warning] [Git][revParse] Unable to read file: ENOENT: no such file or directory, open '/home/raysuo/Echoes/Echoes/.git/refs/remotes/origin/main'
2024-11-01 17:47:10.887 [info] > git rev-parse refs/remotes/origin/main [2ms]
2024-11-01 17:47:10.908 [info] > git for-each-ref --sort -committerdate --format %(refname) %(objectname) %(*objectname) [2ms]
2024-11-01 17:47:11.036 [info] > git status -z -uall [140ms]
2024-11-01 17:47:22.730 [info] > git config --get commit.template [11ms]
2024-11-01 17:47:22.731 [info] > git for-each-ref --format=%(refname)%00%(upstream:short)%00%(objectname)%00%(upstream:track)%00%(upstream:remotename)%00%(upstream:remoteref) refs/heads/main refs/remotes/main [2ms]
2024-11-01 17:47:22.741 [warning] [Git][revParse] Unable to read file: ENOENT: no such file or directory, open '/home/raysuo/Echoes/Echoes/.git/refs/remotes/origin/main'
2024-11-01 17:47:22.742 [info] > git rev-parse refs/remotes/origin/main [1ms]
2024-11-01 17:47:22.762 [info] > git for-each-ref --sort -committerdate --format %(refname) %(objectname) %(*objectname) [2ms]
2024-11-01 17:47:22.887 [info] > git status -z -uall [136ms]
2024-11-01 17:47:32.781 [info] > git config --get commit.template [24ms]
2024-11-01 17:47:32.784 [info] > git for-each-ref --format=%(refname)%00%(upstream:short)%00%(objectname)%00%(upstream:track)%00%(upstream:remotename)%00%(upstream:remoteref) refs/heads/main refs/remotes/main [4ms]
2024-11-01 17:47:32.798 [warning] [Git][revParse] Unable to read file: ENOENT: no such file or directory, open '/home/raysuo/Echoes/Echoes/.git/refs/remotes/origin/main'
2024-11-01 17:47:32.800 [info] > git rev-parse refs/remotes/origin/main [2ms]
2024-11-01 17:47:32.823 [info] > git for-each-ref --sort -committerdate --format %(refname) %(objectname) %(*objectname) [2ms]
2024-11-01 17:47:32.967 [info] > git status -z -uall [156ms]
2024-11-01 17:48:51.426 [info] > git show --textconv :src/app/home/home.component.html [13ms]
2024-11-01 17:48:51.428 [info] > git ls-files --stage -- /home/raysuo/Echoes/Echoes/src/app/home/home.component.html [3ms]
2024-11-01 17:48:51.437 [info] > git cat-file -s fa0761a92c2e7af142243a437d569dfa86db9f09 [1ms]
2024-11-01 17:49:35.512 [info] > git show --textconv :src/app/home/home.component.css [18ms]
2024-11-01 17:49:35.515 [info] > git ls-files --stage -- /home/raysuo/Echoes/Echoes/src/app/home/home.component.css [4ms]
2024-11-01 17:49:35.526 [info] > git cat-file -s 84e149e476681131a2843ff9ba1bc16755772caf [2ms]
2024-11-01 17:49:55.350 [info] > git show --textconv :src/app/home/home.component.ts [20ms]
2024-11-01 17:49:55.352 [info] > git ls-files --stage -- /home/raysuo/Echoes/Echoes/src/app/home/home.component.ts [3ms]
2024-11-01 17:49:55.369 [info] > git cat-file -s 33fd77077e85c8529f9abf3454b8decb6ca81917 [5ms]
2024-11-01 17:50:12.998 [info] > git config --get commit.template [9ms]
2024-11-01 17:50:12.999 [info] > git for-each-ref --format=%(refname)%00%(upstream:short)%00%(objectname)%00%(upstream:track)%00%(upstream:remotename)%00%(upstream:remoteref) refs/heads/main refs/remotes/main [1ms]
2024-11-01 17:50:13.007 [warning] [Git][revParse] Unable to read file: ENOENT: no such file or directory, open '/home/raysuo/Echoes/Echoes/.git/refs/remotes/origin/main'
2024-11-01 17:50:13.008 [info] > git rev-parse refs/remotes/origin/main [1ms]
2024-11-01 17:50:13.027 [info] > git for-each-ref --sort -committerdate --format %(refname) %(objectname) %(*objectname) [2ms]
2024-11-01 17:50:13.165 [info] > git status -z -uall [148ms]
2024-11-01 17:50:24.757 [info] > git config --get commit.template [10ms]
2024-11-01 17:50:24.759 [info] > git for-each-ref --format=%(refname)%00%(upstream:short)%00%(objectname)%00%(upstream:track)%00%(upstream:remotename)%00%(upstream:remoteref) refs/heads/main refs/remotes/main [2ms]
2024-11-01 17:50:24.768 [warning] [Git][revParse] Unable to read file: ENOENT: no such file or directory, open '/home/raysuo/Echoes/Echoes/.git/refs/remotes/origin/main'
2024-11-01 17:50:24.769 [info] > git rev-parse refs/remotes/origin/main [1ms]
2024-11-01 17:50:24.786 [info] > git for-each-ref --sort -committerdate --format %(refname) %(objectname) %(*objectname) [1ms]
2024-11-01 17:50:24.928 [info] > git status -z -uall [151ms]
2024-11-01 17:50:34.543 [info] > git config --get commit.template [12ms]
2024-11-01 17:50:34.544 [info] > git for-each-ref --format=%(refname)%00%(upstream:short)%00%(objectname)%00%(upstream:track)%00%(upstream:remotename)%00%(upstream:remoteref) refs/heads/main refs/remotes/main [2ms]
2024-11-01 17:50:34.555 [warning] [Git][revParse] Unable to read file: ENOENT: no such file or directory, open '/home/raysuo/Echoes/Echoes/.git/refs/remotes/origin/main'
2024-11-01 17:50:34.557 [info] > git rev-parse refs/remotes/origin/main [2ms]
2024-11-01 17:50:34.582 [info] > git for-each-ref --sort -committerdate --format %(refname) %(objectname) %(*objectname) [3ms]
2024-11-01 17:50:34.731 [info] > git status -z -uall [164ms]
2024-11-01 17:50:45.323 [info] > git config --get commit.template [2ms]
2024-11-01 17:50:45.333 [info] > git for-each-ref --format=%(refname)%00%(upstream:short)%00%(objectname)%00%(upstream:track)%00%(upstream:remotename)%00%(upstream:remoteref) refs/heads/main refs/remotes/main [2ms]
2024-11-01 17:50:45.343 [warning] [Git][revParse] Unable to read file: ENOENT: no such file or directory, open '/home/raysuo/Echoes/Echoes/.git/refs/remotes/origin/main'
2024-11-01 17:50:45.344 [info] > git rev-parse refs/remotes/origin/main [1ms]
2024-11-01 17:50:45.367 [info] > git for-each-ref --sort -committerdate --format %(refname) %(objectname) %(*objectname) [2ms]
2024-11-01 17:50:45.499 [info] > git status -z -uall [144ms]
2024-11-01 17:50:50.523 [info] > git config --get commit.template [10ms]
2024-11-01 17:50:50.525 [info] > git for-each-ref --format=%(refname)%00%(upstream:short)%00%(objectname)%00%(upstream:track)%00%(upstream:remotename)%00%(upstream:remoteref) refs/heads/main refs/remotes/main [3ms]
2024-11-01 17:50:50.532 [warning] [Git][revParse] Unable to read file: ENOENT: no such file or directory, open '/home/raysuo/Echoes/Echoes/.git/refs/remotes/origin/main'
2024-11-01 17:50:50.534 [info] > git rev-parse refs/remotes/origin/main [2ms]
2024-11-01 17:50:50.550 [info] > git for-each-ref --sort -committerdate --format %(refname) %(objectname) %(*objectname) [1ms]
2024-11-01 17:50:50.671 [info] > git status -z -uall [130ms]
2024-11-01 17:50:55.683 [info] > git config --get commit.template [2ms]
2024-11-01 17:50:55.693 [info] > git for-each-ref --format=%(refname)%00%(upstream:short)%00%(objectname)%00%(upstream:track)%00%(upstream:remotename)%00%(upstream:remoteref) refs/heads/main refs/remotes/main [1ms]
2024-11-01 17:50:55.701 [warning] [Git][revParse] Unable to read file: ENOENT: no such file or directory, open '/home/raysuo/Echoes/Echoes/.git/refs/remotes/origin/main'
2024-11-01 17:50:55.702 [info] > git rev-parse refs/remotes/origin/main [1ms]
2024-11-01 17:50:55.720 [info] > git for-each-ref --sort -committerdate --format %(refname) %(objectname) %(*objectname) [1ms]
2024-11-01 17:50:55.839 [info] > git status -z -uall [129ms]
2024-11-01 17:51:00.861 [info] > git config --get commit.template [11ms]
2024-11-01 17:51:00.862 [info] > git for-each-ref --format=%(refname)%00%(upstream:short)%00%(objectname)%00%(upstream:track)%00%(upstream:remotename)%00%(upstream:remoteref) refs/heads/main refs/remotes/main [2ms]
2024-11-01 17:51:00.870 [warning] [Git][revParse] Unable to read file: ENOENT: no such file or directory, open '/home/raysuo/Echoes/Echoes/.git/refs/remotes/origin/main'
2024-11-01 17:51:00.872 [info] > git rev-parse refs/remotes/origin/main [2ms]
2024-11-01 17:51:00.891 [info] > git for-each-ref --sort -committerdate --format %(refname) %(objectname) %(*objectname) [2ms]
2024-11-01 17:51:01.017 [info] > git status -z -uall [137ms]
2024-11-01 17:51:06.055 [info] > git config --get commit.template [5ms]
2024-11-01 17:51:06.068 [info] > git for-each-ref --format=%(refname)%00%(upstream:short)%00%(objectname)%00%(upstream:track)%00%(upstream:remotename)%00%(upstream:remoteref) refs/heads/main refs/remotes/main [2ms]
2024-11-01 17:51:06.078 [warning] [Git][revParse] Unable to read file: ENOENT: no such file or directory, open '/home/raysuo/Echoes/Echoes/.git/refs/remotes/origin/main'
2024-11-01 17:51:06.080 [info] > git rev-parse refs/remotes/origin/main [2ms]
2024-11-01 17:51:06.099 [info] > git for-each-ref --sort -committerdate --format %(refname) %(objectname) %(*objectname) [2ms]
2024-11-01 17:51:06.223 [info] > git status -z -uall [134ms]
2024-11-01 17:51:11.282 [info] > git config --get commit.template [30ms]
2024-11-01 17:51:11.283 [info] > git for-each-ref --format=%(refname)%00%(upstream:short)%00%(objectname)%00%(upstream:track)%00%(upstream:remotename)%00%(upstream:remoteref) refs/heads/main refs/remotes/main [5ms]
2024-11-01 17:51:11.296 [warning] [Git][revParse] Unable to read file: ENOENT: no such file or directory, open '/home/raysuo/Echoes/Echoes/.git/refs/remotes/origin/main'
2024-11-01 17:51:11.297 [info] > git rev-parse refs/remotes/origin/main [1ms]
2024-11-01 17:51:11.318 [info] > git for-each-ref --sort -committerdate --format %(refname) %(objectname) %(*objectname) [2ms]
2024-11-01 17:51:11.446 [info] > git status -z -uall [139ms]
2024-11-01 17:51:16.467 [info] > git config --get commit.template [10ms]
2024-11-01 17:51:16.469 [info] > git for-each-ref --format=%(refname)%00%(upstream:short)%00%(objectname)%00%(upstream:track)%00%(upstream:remotename)%00%(upstream:remoteref) refs/heads/main refs/remotes/main [2ms]
2024-11-01 17:51:16.478 [warning] [Git][revParse] Unable to read file: ENOENT: no such file or directory, open '/home/raysuo/Echoes/Echoes/.git/refs/remotes/origin/main'
2024-11-01 17:51:16.479 [info] > git rev-parse refs/remotes/origin/main [2ms]
2024-11-01 17:51:16.499 [info] > git for-each-ref --sort -committerdate --format %(refname) %(objectname) %(*objectname) [2ms]
2024-11-01 17:51:16.634 [info] > git status -z -uall [146ms]
2024-11-01 17:51:21.661 [info] > git config --get commit.template [12ms]
2024-11-01 17:51:21.662 [info] > git for-each-ref --format=%(refname)%00%(upstream:short)%00%(objectname)%00%(upstream:track)%00%(upstream:remotename)%00%(upstream:remoteref) refs/heads/main refs/remotes/main [2ms]
2024-11-01 17:51:21.673 [warning] [Git][revParse] Unable to read file: ENOENT: no such file or directory, open '/home/raysuo/Echoes/Echoes/.git/refs/remotes/origin/main'
2024-11-01 17:51:21.675 [info] > git rev-parse refs/remotes/origin/main [2ms]
2024-11-01 17:51:21.698 [info] > git for-each-ref --sort -committerdate --format %(refname) %(objectname) %(*objectname) [2ms]
2024-11-01 17:51:21.817 [info] > git status -z -uall [132ms]
2024-11-01 17:51:33.121 [info] > git show --textconv :src/app/home/home.component.html [14ms]
2024-11-01 17:51:33.125 [info] > git ls-files --stage -- /home/raysuo/Echoes/Echoes/src/app/home/home.component.html [3ms]
2024-11-01 17:51:33.136 [info] > git cat-file -s fa0761a92c2e7af142243a437d569dfa86db9f09 [2ms]
2024-11-01 17:51:37.960 [info] > git show --textconv :src/app/home/home.component.css [18ms]
2024-11-01 17:51:37.964 [info] > git ls-files --stage -- /home/raysuo/Echoes/Echoes/src/app/home/home.component.css [5ms]
2024-11-01 17:51:37.977 [info] > git cat-file -s 84e149e476681131a2843ff9ba1bc16755772caf [2ms]
2024-11-01 17:52:04.296 [info] > git show --textconv :src/app/home/home.component.ts [20ms]
2024-11-01 17:52:04.299 [info] > git ls-files --stage -- /home/raysuo/Echoes/Echoes/src/app/home/home.component.ts [3ms]
2024-11-01 17:52:04.322 [info] > git cat-file -s 33fd77077e85c8529f9abf3454b8decb6ca81917 [6ms]
