2024-11-01 18:05:28.932 [info] [main] Log level: Info
2024-11-01 18:05:28.932 [info] [main] Validating found git in: "git"
2024-11-01 18:05:28.932 [info] [main] Using git "2.46.2" from "git"
2024-11-01 18:05:28.932 [info] [Model][doInitialScan] Initial repository scan started
2024-11-01 18:05:28.932 [info] > git rev-parse --show-toplevel [19ms]
2024-11-01 18:05:28.932 [info] > git rev-parse --git-dir --git-common-dir [22ms]
2024-11-01 18:05:28.932 [info] [Model][openRepository] Opened repository: /home/raysuo/Echoes/Echoes
2024-11-01 18:05:28.934 [info] > git rev-parse --show-toplevel [34ms]
2024-11-01 18:05:28.936 [info] > git config --get commit.template [57ms]
2024-11-01 18:05:28.994 [info] > git for-each-ref --format=%(refname)%00%(upstream:short)%00%(objectname)%00%(upstream:track)%00%(upstream:remotename)%00%(upstream:remoteref) refs/heads/main refs/remotes/main [15ms]
2024-11-01 18:05:29.013 [info] > git rev-parse --show-toplevel [53ms]
2024-11-01 18:05:29.080 [warning] [Git][revParse] Unable to read file: ENOENT: no such file or directory, open '/home/raysuo/Echoes/Echoes/.git/refs/remotes/origin/main'
2024-11-01 18:05:29.092 [info] > git rev-parse refs/remotes/origin/main [12ms]
2024-11-01 18:05:29.136 [info] > git rev-parse --show-toplevel [45ms]
2024-11-01 18:05:29.157 [info] > git for-each-ref --sort -committerdate --format %(refname) %(objectname) %(*objectname) [36ms]
2024-11-01 18:05:29.159 [info] > git rev-parse --show-toplevel [3ms]
2024-11-01 18:05:29.159 [info] [Model][doInitialScan] Initial repository scan completed - repositories (1), closed repositories (0), parent repositories (0), unsafe repositories (0)
2024-11-01 18:05:29.414 [info] > git show --textconv :src/app/home/home.component.ts [26ms]
2024-11-01 18:05:29.414 [info] > git ls-files --stage -- /home/raysuo/Echoes/Echoes/src/app/home/home.component.ts [2ms]
2024-11-01 18:05:29.455 [info] > git cat-file -s 33fd77077e85c8529f9abf3454b8decb6ca81917 [19ms]
2024-11-01 18:05:29.483 [info] > git status -z -uall [378ms]
2024-11-01 18:05:29.540 [info] > git check-ignore -v -z --stdin [16ms]
2024-11-01 18:05:29.542 [info] > git for-each-ref --format=%(refname)%00%(upstream:short)%00%(objectname)%00%(upstream:track)%00%(upstream:remotename)%00%(upstream:remoteref) refs/heads/main refs/remotes/main [33ms]
2024-11-01 18:05:29.561 [info] > git config --local branch.main.vscode-merge-base [6ms]
2024-11-01 18:05:29.577 [info] > git config --get commit.template [37ms]
2024-11-01 18:05:29.585 [info] > git for-each-ref --format=%(refname)%00%(upstream:short)%00%(objectname)%00%(upstream:track)%00%(upstream:remotename)%00%(upstream:remoteref) refs/heads/origin/main refs/remotes/origin/main [9ms]
2024-11-01 18:05:29.644 [info] > git merge-base refs/heads/main refs/remotes/origin/main [47ms]
2024-11-01 18:05:29.727 [info] > git diff --name-status -z --diff-filter=ADMR 02a55a3bb75243bdef2649ccfe946103d1af5a67...refs/remotes/origin/main [72ms]
2024-11-01 18:05:29.728 [info] > git for-each-ref --format=%(refname)%00%(upstream:short)%00%(objectname)%00%(upstream:track)%00%(upstream:remotename)%00%(upstream:remoteref) refs/heads/main refs/remotes/main [86ms]
2024-11-01 18:05:29.764 [warning] [Git][revParse] Unable to read file: ENOENT: no such file or directory, open '/home/raysuo/Echoes/Echoes/.git/refs/remotes/origin/main'
2024-11-01 18:05:29.774 [info] > git rev-parse refs/remotes/origin/main [11ms]
2024-11-01 18:05:29.806 [info] > git for-each-ref --sort -committerdate --format %(refname) %(objectname) %(*objectname) [8ms]
2024-11-01 18:05:30.097 [info] > git status -z -uall [310ms]
2024-11-01 18:16:26.184 [info] > git config --get commit.template [26ms]
2024-11-01 18:16:26.188 [info] > git for-each-ref --format=%(refname)%00%(upstream:short)%00%(objectname)%00%(upstream:track)%00%(upstream:remotename)%00%(upstream:remoteref) refs/heads/main refs/remotes/main [6ms]
2024-11-01 18:16:26.206 [warning] [Git][revParse] Unable to read file: ENOENT: no such file or directory, open '/home/raysuo/Echoes/Echoes/.git/refs/remotes/origin/main'
2024-11-01 18:16:26.209 [info] > git rev-parse refs/remotes/origin/main [3ms]
2024-11-01 18:16:26.239 [info] > git for-each-ref --sort -committerdate --format %(refname) %(objectname) %(*objectname) [2ms]
2024-11-01 18:16:26.359 [info] > git status -z -uall [135ms]
2024-11-01 18:17:02.274 [info] > git config --get commit.template [28ms]
2024-11-01 18:17:02.276 [info] > git for-each-ref --format=%(refname)%00%(upstream:short)%00%(objectname)%00%(upstream:track)%00%(upstream:remotename)%00%(upstream:remoteref) refs/heads/main refs/remotes/main [5ms]
2024-11-01 18:17:02.291 [warning] [Git][revParse] Unable to read file: ENOENT: no such file or directory, open '/home/raysuo/Echoes/Echoes/.git/refs/remotes/origin/main'
2024-11-01 18:17:02.294 [info] > git rev-parse refs/remotes/origin/main [3ms]
2024-11-01 18:17:02.327 [info] > git for-each-ref --sort -committerdate --format %(refname) %(objectname) %(*objectname) [3ms]
2024-11-01 18:17:02.460 [info] > git status -z -uall [151ms]
2024-11-01 18:17:12.761 [info] > git config --get commit.template [10ms]
2024-11-01 18:17:12.762 [info] > git for-each-ref --format=%(refname)%00%(upstream:short)%00%(objectname)%00%(upstream:track)%00%(upstream:remotename)%00%(upstream:remoteref) refs/heads/main refs/remotes/main [2ms]
2024-11-01 18:17:12.770 [warning] [Git][revParse] Unable to read file: ENOENT: no such file or directory, open '/home/raysuo/Echoes/Echoes/.git/refs/remotes/origin/main'
2024-11-01 18:17:12.772 [info] > git rev-parse refs/remotes/origin/main [2ms]
2024-11-01 18:17:12.789 [info] > git for-each-ref --sort -committerdate --format %(refname) %(objectname) %(*objectname) [1ms]
2024-11-01 18:17:12.916 [info] > git status -z -uall [136ms]
2024-11-01 18:17:38.953 [info] > git config --get commit.template [22ms]
2024-11-01 18:17:38.955 [info] > git for-each-ref --format=%(refname)%00%(upstream:short)%00%(objectname)%00%(upstream:track)%00%(upstream:remotename)%00%(upstream:remoteref) refs/heads/main refs/remotes/main [3ms]
2024-11-01 18:17:38.971 [warning] [Git][revParse] Unable to read file: ENOENT: no such file or directory, open '/home/raysuo/Echoes/Echoes/.git/refs/remotes/origin/main'
2024-11-01 18:17:38.974 [info] > git rev-parse refs/remotes/origin/main [3ms]
2024-11-01 18:17:39.004 [info] > git for-each-ref --sort -committerdate --format %(refname) %(objectname) %(*objectname) [2ms]
2024-11-01 18:17:39.128 [info] > git status -z -uall [139ms]
2024-11-01 18:18:07.553 [info] > git show --textconv :src/app/home/home.component.html [8ms]
2024-11-01 18:18:07.554 [info] > git ls-files --stage -- /home/raysuo/Echoes/Echoes/src/app/home/home.component.html [2ms]
2024-11-01 18:18:07.565 [info] > git cat-file -s fa0761a92c2e7af142243a437d569dfa86db9f09 [4ms]
2024-11-01 18:18:08.815 [info] > git show --textconv :src/app/home/home.component.ts [24ms]
2024-11-01 18:18:08.820 [info] > git ls-files --stage -- /home/raysuo/Echoes/Echoes/src/app/home/home.component.ts [7ms]
2024-11-01 18:18:08.830 [info] > git cat-file -s 33fd77077e85c8529f9abf3454b8decb6ca81917 [2ms]
2024-11-01 18:18:11.821 [info] > git show --textconv :src/app/home/home.component.html [9ms]
2024-11-01 18:18:11.822 [info] > git ls-files --stage -- /home/raysuo/Echoes/Echoes/src/app/home/home.component.html [2ms]
2024-11-01 18:18:11.831 [info] > git cat-file -s fa0761a92c2e7af142243a437d569dfa86db9f09 [2ms]
2024-11-01 18:18:17.137 [info] > git config --get commit.template [22ms]
2024-11-01 18:18:17.139 [info] > git for-each-ref --format=%(refname)%00%(upstream:short)%00%(objectname)%00%(upstream:track)%00%(upstream:remotename)%00%(upstream:remoteref) refs/heads/main refs/remotes/main [4ms]
2024-11-01 18:18:17.154 [warning] [Git][revParse] Unable to read file: ENOENT: no such file or directory, open '/home/raysuo/Echoes/Echoes/.git/refs/remotes/origin/main'
2024-11-01 18:18:17.156 [info] > git rev-parse refs/remotes/origin/main [2ms]
2024-11-01 18:18:17.183 [info] > git for-each-ref --sort -committerdate --format %(refname) %(objectname) %(*objectname) [3ms]
2024-11-01 18:18:17.311 [info] > git status -z -uall [143ms]
2024-11-01 18:19:31.907 [info] > git config --get commit.template [11ms]
2024-11-01 18:19:31.908 [info] > git for-each-ref --format=%(refname)%00%(upstream:short)%00%(objectname)%00%(upstream:track)%00%(upstream:remotename)%00%(upstream:remoteref) refs/heads/main refs/remotes/main [2ms]
2024-11-01 18:19:31.916 [warning] [Git][revParse] Unable to read file: ENOENT: no such file or directory, open '/home/raysuo/Echoes/Echoes/.git/refs/remotes/origin/main'
2024-11-01 18:19:31.918 [info] > git rev-parse refs/remotes/origin/main [2ms]
2024-11-01 18:19:31.937 [info] > git for-each-ref --sort -committerdate --format %(refname) %(objectname) %(*objectname) [2ms]
2024-11-01 18:19:32.091 [info] > git status -z -uall [165ms]
2024-11-01 18:19:46.812 [info] > git show --textconv :src/app/home/home.component.css [9ms]
2024-11-01 18:19:46.813 [info] > git ls-files --stage -- /home/raysuo/Echoes/Echoes/src/app/home/home.component.css [2ms]
2024-11-01 18:19:46.822 [info] > git cat-file -s 84e149e476681131a2843ff9ba1bc16755772caf [2ms]
2024-11-01 18:19:50.808 [info] > git check-ignore -v -z --stdin [3ms]
2024-11-01 18:20:22.443 [info] > git config --get commit.template [23ms]
2024-11-01 18:20:22.445 [info] > git for-each-ref --format=%(refname)%00%(upstream:short)%00%(objectname)%00%(upstream:track)%00%(upstream:remotename)%00%(upstream:remoteref) refs/heads/main refs/remotes/main [3ms]
2024-11-01 18:20:22.454 [warning] [Git][revParse] Unable to read file: ENOENT: no such file or directory, open '/home/raysuo/Echoes/Echoes/.git/refs/remotes/origin/main'
2024-11-01 18:20:22.456 [info] > git rev-parse refs/remotes/origin/main [2ms]
2024-11-01 18:20:22.474 [info] > git for-each-ref --sort -committerdate --format %(refname) %(objectname) %(*objectname) [2ms]
2024-11-01 18:20:22.612 [info] > git status -z -uall [148ms]
2024-11-01 18:20:27.632 [info] > git config --get commit.template [2ms]
2024-11-01 18:20:27.645 [info] > git for-each-ref --format=%(refname)%00%(upstream:short)%00%(objectname)%00%(upstream:track)%00%(upstream:remotename)%00%(upstream:remoteref) refs/heads/main refs/remotes/main [2ms]
2024-11-01 18:20:27.655 [warning] [Git][revParse] Unable to read file: ENOENT: no such file or directory, open '/home/raysuo/Echoes/Echoes/.git/refs/remotes/origin/main'
2024-11-01 18:20:27.657 [info] > git rev-parse refs/remotes/origin/main [1ms]
2024-11-01 18:20:27.672 [info] > git for-each-ref --sort -committerdate --format %(refname) %(objectname) %(*objectname) [1ms]
2024-11-01 18:20:27.790 [info] > git status -z -uall [126ms]
2024-11-01 18:20:32.816 [info] > git config --get commit.template [11ms]
2024-11-01 18:20:32.817 [info] > git for-each-ref --format=%(refname)%00%(upstream:short)%00%(objectname)%00%(upstream:track)%00%(upstream:remotename)%00%(upstream:remoteref) refs/heads/main refs/remotes/main [3ms]
2024-11-01 18:20:32.827 [warning] [Git][revParse] Unable to read file: ENOENT: no such file or directory, open '/home/raysuo/Echoes/Echoes/.git/refs/remotes/origin/main'
2024-11-01 18:20:32.829 [info] > git rev-parse refs/remotes/origin/main [2ms]
2024-11-01 18:20:32.851 [info] > git for-each-ref --sort -committerdate --format %(refname) %(objectname) %(*objectname) [2ms]
2024-11-01 18:20:32.976 [info] > git status -z -uall [137ms]
2024-11-01 18:21:32.444 [info] > git config --get commit.template [15ms]
2024-11-01 18:21:32.446 [info] > git for-each-ref --format=%(refname)%00%(upstream:short)%00%(objectname)%00%(upstream:track)%00%(upstream:remotename)%00%(upstream:remoteref) refs/heads/main refs/remotes/main [2ms]
2024-11-01 18:21:32.456 [warning] [Git][revParse] Unable to read file: ENOENT: no such file or directory, open '/home/raysuo/Echoes/Echoes/.git/refs/remotes/origin/main'
2024-11-01 18:21:32.458 [info] > git rev-parse refs/remotes/origin/main [2ms]
2024-11-01 18:21:32.476 [info] > git for-each-ref --sort -committerdate --format %(refname) %(objectname) %(*objectname) [1ms]
2024-11-01 18:21:32.602 [info] > git status -z -uall [136ms]
2024-11-01 18:21:57.838 [info] > git config --get commit.template [17ms]
2024-11-01 18:21:57.840 [info] > git for-each-ref --format=%(refname)%00%(upstream:short)%00%(objectname)%00%(upstream:track)%00%(upstream:remotename)%00%(upstream:remoteref) refs/heads/main refs/remotes/main [3ms]
2024-11-01 18:21:57.854 [warning] [Git][revParse] Unable to read file: ENOENT: no such file or directory, open '/home/raysuo/Echoes/Echoes/.git/refs/remotes/origin/main'
2024-11-01 18:21:57.856 [info] > git rev-parse refs/remotes/origin/main [2ms]
2024-11-01 18:21:57.883 [info] > git for-each-ref --sort -committerdate --format %(refname) %(objectname) %(*objectname) [2ms]
2024-11-01 18:21:58.008 [info] > git status -z -uall [138ms]
2024-11-01 18:22:03.035 [info] > git config --get commit.template [12ms]
2024-11-01 18:22:03.036 [info] > git for-each-ref --format=%(refname)%00%(upstream:short)%00%(objectname)%00%(upstream:track)%00%(upstream:remotename)%00%(upstream:remoteref) refs/heads/main refs/remotes/main [2ms]
2024-11-01 18:22:03.044 [warning] [Git][revParse] Unable to read file: ENOENT: no such file or directory, open '/home/raysuo/Echoes/Echoes/.git/refs/remotes/origin/main'
2024-11-01 18:22:03.045 [info] > git rev-parse refs/remotes/origin/main [1ms]
2024-11-01 18:22:03.061 [info] > git for-each-ref --sort -committerdate --format %(refname) %(objectname) %(*objectname) [2ms]
2024-11-01 18:22:03.179 [info] > git status -z -uall [127ms]
2024-11-01 18:24:03.499 [info] > git config --get commit.template [28ms]
2024-11-01 18:24:03.503 [info] > git for-each-ref --format=%(refname)%00%(upstream:short)%00%(objectname)%00%(upstream:track)%00%(upstream:remotename)%00%(upstream:remoteref) refs/heads/main refs/remotes/main [6ms]
2024-11-01 18:24:03.523 [warning] [Git][revParse] Unable to read file: ENOENT: no such file or directory, open '/home/raysuo/Echoes/Echoes/.git/refs/remotes/origin/main'
2024-11-01 18:24:03.526 [info] > git rev-parse refs/remotes/origin/main [3ms]
2024-11-01 18:24:03.555 [info] > git for-each-ref --sort -committerdate --format %(refname) %(objectname) %(*objectname) [2ms]
2024-11-01 18:24:03.681 [info] > git status -z -uall [141ms]
2024-11-01 18:24:08.703 [info] > git config --get commit.template [8ms]
2024-11-01 18:24:08.703 [info] > git for-each-ref --format=%(refname)%00%(upstream:short)%00%(objectname)%00%(upstream:track)%00%(upstream:remotename)%00%(upstream:remoteref) refs/heads/main refs/remotes/main [1ms]
2024-11-01 18:24:08.711 [warning] [Git][revParse] Unable to read file: ENOENT: no such file or directory, open '/home/raysuo/Echoes/Echoes/.git/refs/remotes/origin/main'
2024-11-01 18:24:08.712 [info] > git rev-parse refs/remotes/origin/main [1ms]
2024-11-01 18:24:08.729 [info] > git for-each-ref --sort -committerdate --format %(refname) %(objectname) %(*objectname) [1ms]
2024-11-01 18:24:08.852 [info] > git status -z -uall [132ms]
2024-11-01 18:24:13.909 [info] > git config --get commit.template [26ms]
2024-11-01 18:24:13.912 [info] > git for-each-ref --format=%(refname)%00%(upstream:short)%00%(objectname)%00%(upstream:track)%00%(upstream:remotename)%00%(upstream:remoteref) refs/heads/main refs/remotes/main [6ms]
2024-11-01 18:24:13.931 [warning] [Git][revParse] Unable to read file: ENOENT: no such file or directory, open '/home/raysuo/Echoes/Echoes/.git/refs/remotes/origin/main'
2024-11-01 18:24:13.934 [info] > git rev-parse refs/remotes/origin/main [3ms]
2024-11-01 18:24:13.966 [info] > git for-each-ref --sort -committerdate --format %(refname) %(objectname) %(*objectname) [2ms]
2024-11-01 18:24:14.116 [info] > git status -z -uall [167ms]
2024-11-01 18:24:19.833 [info] > git config --get commit.template [24ms]
2024-11-01 18:24:19.835 [info] > git for-each-ref --format=%(refname)%00%(upstream:short)%00%(objectname)%00%(upstream:track)%00%(upstream:remotename)%00%(upstream:remoteref) refs/heads/main refs/remotes/main [4ms]
2024-11-01 18:24:19.845 [warning] [Git][revParse] Unable to read file: ENOENT: no such file or directory, open '/home/raysuo/Echoes/Echoes/.git/refs/remotes/origin/main'
2024-11-01 18:24:19.847 [info] > git rev-parse refs/remotes/origin/main [2ms]
2024-11-01 18:24:19.866 [info] > git for-each-ref --sort -committerdate --format %(refname) %(objectname) %(*objectname) [2ms]
2024-11-01 18:24:19.999 [info] > git status -z -uall [144ms]
2024-11-01 18:24:24.511 [info] > git show --textconv :src/app/home/home.component.html [23ms]
2024-11-01 18:24:24.517 [info] > git ls-files --stage -- /home/raysuo/Echoes/Echoes/src/app/home/home.component.html [7ms]
2024-11-01 18:24:24.540 [info] > git cat-file -s fa0761a92c2e7af142243a437d569dfa86db9f09 [5ms]
2024-11-01 18:24:25.029 [info] > git config --get commit.template [11ms]
2024-11-01 18:24:25.030 [info] > git for-each-ref --format=%(refname)%00%(upstream:short)%00%(objectname)%00%(upstream:track)%00%(upstream:remotename)%00%(upstream:remoteref) refs/heads/main refs/remotes/main [2ms]
2024-11-01 18:24:25.039 [warning] [Git][revParse] Unable to read file: ENOENT: no such file or directory, open '/home/raysuo/Echoes/Echoes/.git/refs/remotes/origin/main'
2024-11-01 18:24:25.040 [info] > git rev-parse refs/remotes/origin/main [2ms]
2024-11-01 18:24:25.056 [info] > git for-each-ref --sort -committerdate --format %(refname) %(objectname) %(*objectname) [1ms]
2024-11-01 18:24:25.188 [info] > git status -z -uall [141ms]
2024-11-01 18:24:26.298 [info] > git show --textconv :src/app/home/home.component.ts [18ms]
2024-11-01 18:24:26.300 [info] > git ls-files --stage -- /home/raysuo/Echoes/Echoes/src/app/home/home.component.ts [3ms]
2024-11-01 18:24:26.316 [info] > git cat-file -s 33fd77077e85c8529f9abf3454b8decb6ca81917 [5ms]
2024-11-01 18:24:32.089 [info] > git config --get commit.template [8ms]
2024-11-01 18:24:32.090 [info] > git for-each-ref --format=%(refname)%00%(upstream:short)%00%(objectname)%00%(upstream:track)%00%(upstream:remotename)%00%(upstream:remoteref) refs/heads/main refs/remotes/main [1ms]
2024-11-01 18:24:32.097 [warning] [Git][revParse] Unable to read file: ENOENT: no such file or directory, open '/home/raysuo/Echoes/Echoes/.git/refs/remotes/origin/main'
2024-11-01 18:24:32.100 [info] > git rev-parse refs/remotes/origin/main [3ms]
2024-11-01 18:24:32.118 [info] > git for-each-ref --sort -committerdate --format %(refname) %(objectname) %(*objectname) [2ms]
2024-11-01 18:24:32.256 [info] > git status -z -uall [148ms]
2024-11-01 18:24:37.279 [info] > git config --get commit.template [11ms]
2024-11-01 18:24:37.280 [info] > git for-each-ref --format=%(refname)%00%(upstream:short)%00%(objectname)%00%(upstream:track)%00%(upstream:remotename)%00%(upstream:remoteref) refs/heads/main refs/remotes/main [2ms]
2024-11-01 18:24:37.289 [warning] [Git][revParse] Unable to read file: ENOENT: no such file or directory, open '/home/raysuo/Echoes/Echoes/.git/refs/remotes/origin/main'
2024-11-01 18:24:37.290 [info] > git rev-parse refs/remotes/origin/main [1ms]
2024-11-01 18:24:37.309 [info] > git for-each-ref --sort -committerdate --format %(refname) %(objectname) %(*objectname) [2ms]
2024-11-01 18:24:37.434 [info] > git status -z -uall [136ms]
2024-11-01 18:24:42.469 [info] > git config --get commit.template [10ms]
2024-11-01 18:24:42.470 [info] > git for-each-ref --format=%(refname)%00%(upstream:short)%00%(objectname)%00%(upstream:track)%00%(upstream:remotename)%00%(upstream:remoteref) refs/heads/main refs/remotes/main [2ms]
2024-11-01 18:24:42.478 [warning] [Git][revParse] Unable to read file: ENOENT: no such file or directory, open '/home/raysuo/Echoes/Echoes/.git/refs/remotes/origin/main'
2024-11-01 18:24:42.479 [info] > git rev-parse refs/remotes/origin/main [1ms]
2024-11-01 18:24:42.497 [info] > git for-each-ref --sort -committerdate --format %(refname) %(objectname) %(*objectname) [2ms]
2024-11-01 18:24:42.618 [info] > git status -z -uall [131ms]
2024-11-01 18:24:45.312 [info] > git show --textconv :src/app/home/home.component.css [31ms]
2024-11-01 18:24:45.317 [info] > git ls-files --stage -- /home/raysuo/Echoes/Echoes/src/app/home/home.component.css [9ms]
2024-11-01 18:24:45.334 [info] > git cat-file -s 84e149e476681131a2843ff9ba1bc16755772caf [3ms]
2024-11-01 18:24:46.329 [info] > git show --textconv :src/app/home/home.component.html [11ms]
2024-11-01 18:24:46.332 [info] > git ls-files --stage -- /home/raysuo/Echoes/Echoes/src/app/home/home.component.html [4ms]
2024-11-01 18:24:46.346 [info] > git cat-file -s fa0761a92c2e7af142243a437d569dfa86db9f09 [3ms]
2024-11-01 18:24:50.789 [info] > git show --textconv :src/app/home/home.component.ts [22ms]
2024-11-01 18:24:50.795 [info] > git ls-files --stage -- /home/raysuo/Echoes/Echoes/src/app/home/home.component.ts [6ms]
2024-11-01 18:24:50.806 [info] > git cat-file -s 33fd77077e85c8529f9abf3454b8decb6ca81917 [2ms]
2024-11-01 18:24:52.386 [info] > git show --textconv :src/app/home/home.component.css [26ms]
2024-11-01 18:24:52.389 [info] > git ls-files --stage -- /home/raysuo/Echoes/Echoes/src/app/home/home.component.css [5ms]
2024-11-01 18:24:52.404 [info] > git cat-file -s 84e149e476681131a2843ff9ba1bc16755772caf [3ms]
2024-11-01 18:25:01.666 [info] > git config --get commit.template [27ms]
2024-11-01 18:25:01.671 [info] > git for-each-ref --format=%(refname)%00%(upstream:short)%00%(objectname)%00%(upstream:track)%00%(upstream:remotename)%00%(upstream:remoteref) refs/heads/main refs/remotes/main [6ms]
2024-11-01 18:25:01.693 [warning] [Git][revParse] Unable to read file: ENOENT: no such file or directory, open '/home/raysuo/Echoes/Echoes/.git/refs/remotes/origin/main'
2024-11-01 18:25:01.698 [info] > git rev-parse refs/remotes/origin/main [5ms]
2024-11-01 18:25:01.740 [info] > git for-each-ref --sort -committerdate --format %(refname) %(objectname) %(*objectname) [2ms]
2024-11-01 18:25:01.866 [info] > git status -z -uall [146ms]
2024-11-01 18:25:12.048 [info] > git config --get commit.template [25ms]
2024-11-01 18:25:12.052 [info] > git for-each-ref --format=%(refname)%00%(upstream:short)%00%(objectname)%00%(upstream:track)%00%(upstream:remotename)%00%(upstream:remoteref) refs/heads/main refs/remotes/main [6ms]
2024-11-01 18:25:12.074 [warning] [Git][revParse] Unable to read file: ENOENT: no such file or directory, open '/home/raysuo/Echoes/Echoes/.git/refs/remotes/origin/main'
2024-11-01 18:25:12.079 [info] > git rev-parse refs/remotes/origin/main [5ms]
2024-11-01 18:25:12.118 [info] > git for-each-ref --sort -committerdate --format %(refname) %(objectname) %(*objectname) [2ms]
2024-11-01 18:25:12.240 [info] > git status -z -uall [139ms]
2024-11-01 18:25:27.068 [info] > git show --textconv :src/app/home/home.component.html [15ms]
2024-11-01 18:25:27.072 [info] > git ls-files --stage -- /home/raysuo/Echoes/Echoes/src/app/home/home.component.html [4ms]
2024-11-01 18:25:27.088 [info] > git cat-file -s fa0761a92c2e7af142243a437d569dfa86db9f09 [2ms]
2024-11-01 18:25:39.370 [info] > git log --format=%H%n%aN%n%aE%n%at%n%ct%n%P%n%D%n%B -z --shortstat --diff-merges=first-parent -n50 --skip=0 --topo-order --decorate=full --stdin [66ms]
2024-11-01 18:25:39.929 [info] > git check-ignore -v -z --stdin [5ms]
2024-11-01 18:26:01.982 [info] > git add -A -- . [177ms]
2024-11-01 18:26:02.007 [info] > git -c user.useConfigOnly=true commit --quiet --allow-empty-message --file - [17ms]
2024-11-01 18:26:02.016 [info] > git config --get commit.template [1ms]
2024-11-01 18:26:02.028 [info] > git config --get commit.template [2ms]
2024-11-01 18:26:02.039 [info] > git for-each-ref --format=%(refname)%00%(upstream:short)%00%(objectname)%00%(upstream:track)%00%(upstream:remotename)%00%(upstream:remoteref) refs/heads/main refs/remotes/main [3ms]
2024-11-01 18:26:02.047 [warning] [Git][revParse] Unable to read file: ENOENT: no such file or directory, open '/home/raysuo/Echoes/Echoes/.git/refs/remotes/origin/main'
2024-11-01 18:26:02.048 [info] > git rev-parse refs/remotes/origin/main [1ms]
2024-11-01 18:26:02.066 [info] > git status -z -uall [10ms]
2024-11-01 18:26:02.068 [info] > git for-each-ref --sort -committerdate --format %(refname) %(objectname) %(*objectname) [1ms]
2024-11-01 18:26:02.095 [info] > git merge-base refs/heads/main refs/remotes/origin/main [16ms]
2024-11-01 18:26:02.106 [info] > git diff --name-status -z --diff-filter=ADMR 02a55a3bb75243bdef2649ccfe946103d1af5a67...refs/remotes/origin/main [2ms]
2024-11-01 18:26:02.208 [info] > git log --format=%H%n%aN%n%aE%n%at%n%ct%n%P%n%D%n%B -z --shortstat --diff-merges=first-parent -n50 --skip=0 --topo-order --decorate=full --stdin [56ms]
2024-11-01 18:26:03.357 [info] > git ls-files --stage -- /home/raysuo/Echoes/Echoes/src/app/home/home.component.html [5ms]
2024-11-01 18:26:03.384 [info] > git cat-file -s c6b965119e45b832e43814b0709c037945dff9e8 [5ms]
2024-11-01 18:26:03.403 [info] > git show --textconv :src/app/home/home.component.html [3ms]
2024-11-01 18:26:06.880 [info] > git push origin main:main [4786ms]
2024-11-01 18:26:06.880 [info] To https://github.com/raysuo/Echoes.git
   02a55a3..17cc74c  main -> main
2024-11-01 18:26:06.901 [info] > git config --get commit.template [2ms]
2024-11-01 18:26:06.915 [info] > git for-each-ref --format=%(refname)%00%(upstream:short)%00%(objectname)%00%(upstream:track)%00%(upstream:remotename)%00%(upstream:remoteref) refs/heads/main refs/remotes/main [2ms]
2024-11-01 18:26:06.942 [info] > git status -z -uall [14ms]
2024-11-01 18:26:06.944 [info] > git for-each-ref --sort -committerdate --format %(refname) %(objectname) %(*objectname) [3ms]
2024-11-01 18:26:06.964 [info] > git merge-base refs/heads/main refs/remotes/origin/main [4ms]
2024-11-01 18:26:06.985 [info] > git diff --name-status -z --diff-filter=ADMR 17cc74c19ebae9f1c881a534cd44494a723ad788...refs/remotes/origin/main [11ms]
2024-11-01 18:26:07.017 [info] > git config --get commit.template [9ms]
2024-11-01 18:26:07.019 [info] > git for-each-ref --format=%(refname)%00%(upstream:short)%00%(objectname)%00%(upstream:track)%00%(upstream:remotename)%00%(upstream:remoteref) refs/heads/main refs/remotes/main [1ms]
2024-11-01 18:26:07.040 [info] > git status -z -uall [13ms]
2024-11-01 18:26:07.042 [info] > git for-each-ref --sort -committerdate --format %(refname) %(objectname) %(*objectname) [3ms]
2024-11-01 18:26:07.048 [info] > git log --format=%H%n%aN%n%aE%n%at%n%ct%n%P%n%D%n%B -z --shortstat --diff-merges=first-parent -n50 --skip=0 --topo-order --decorate=full --stdin [64ms]
2024-11-01 18:26:08.081 [info] > git ls-files --stage -- /home/raysuo/Echoes/Echoes/src/app/home/home.component.html [1ms]
2024-11-01 18:26:08.091 [info] > git cat-file -s c6b965119e45b832e43814b0709c037945dff9e8 [2ms]
2024-11-01 18:26:08.100 [info] > git show --textconv :src/app/home/home.component.html [1ms]
