2024-10-03 21:09:44 Loading main app package /usr/lib/obsidian/obsidian.asar
2024-10-03 21:09:45 Checking for update using Github
2024-10-03 21:09:45 Success.
2024-10-03 21:09:45 Latest version is 1.6.7
2024-10-03 21:09:45 App is up to date.
2024-10-04 15:26:21 Loading main app package /usr/lib/obsidian/obsidian.asar
2024-10-04 15:26:21 Checking for update using Github
2024-10-04 15:26:21 Success.
2024-10-04 15:26:21 Latest version is 1.6.7
2024-10-04 15:26:21 App is up to date.
2024-10-04 18:30:21 Loading main app package /usr/lib/obsidian/obsidian.asar
2024-10-04 18:30:21 Checking for update using Github
2024-10-04 18:30:21 Success.
2024-10-04 18:30:21 Latest version is 1.6.7
2024-10-04 18:30:21 App is up to date.
2024-10-05 09:00:49 Loading main app package /usr/lib/obsidian/obsidian.asar
2024-10-05 09:00:49 Checking for update using Github
2024-10-05 09:00:49 Success.
2024-10-05 09:00:49 Latest version is 1.6.7
2024-10-05 09:00:49 App is up to date.
2024-10-05 09:04:34 Loading main app package /usr/lib/obsidian/obsidian.asar
2024-10-05 09:04:34 Checking for update using Github
2024-10-05 09:04:34 Success.
2024-10-05 09:04:34 Latest version is 1.6.7
2024-10-05 09:04:34 App is up to date.
2024-10-05 13:31:23 Loading main app package /usr/lib/obsidian/obsidian.asar
2024-10-05 13:31:23 Checking for update using Github
2024-10-05 13:31:24 Success.
2024-10-05 13:31:24 Latest version is 1.6.7
2024-10-05 13:31:24 App is up to date.
2024-10-05 14:31:23 Checking for update using Github
2024-10-05 14:31:23 Success.
2024-10-05 14:31:23 Latest version is 1.6.7
2024-10-05 14:31:23 App is up to date.
2024-10-06 18:36:13 Loading main app package /usr/lib/obsidian/obsidian.asar
2024-10-06 18:36:13 Checking for update using Github
2024-10-06 18:36:14 Success.
2024-10-06 18:36:14 Latest version is 1.6.7
2024-10-06 18:36:14 App is up to date.
2024-10-09 06:59:53 Loading main app package /usr/lib/obsidian/obsidian.asar
2024-10-09 06:59:54 Checking for update using Github
2024-10-09 06:59:54 Success.
2024-10-09 06:59:54 Latest version is 1.6.7
2024-10-09 06:59:54 App is up to date.
2024-10-09 07:01:31 Loading main app package /usr/lib/obsidian/obsidian.asar
2024-10-09 07:01:31 Checking for update using Github
2024-10-09 07:04:22 Loading main app package /usr/lib/obsidian/obsidian.asar
2024-10-09 07:04:23 Checking for update using Github
2024-10-09 07:04:23 Success.
2024-10-09 07:04:23 Latest version is 1.6.7
2024-10-09 07:04:23 App is up to date.
2024-10-09 08:33:26 Loading main app package /usr/lib/obsidian/obsidian.asar
2024-10-09 08:33:26 Checking for update using Github
2024-10-09 08:33:26 Failed to check for update using Github (net::ERR_INTERNET_DISCONNECTED)
2024-10-09 08:33:26 Checking for update using obsidian.md
2024-10-09 08:33:26 Failed to check for update using obsidian.md (net::ERR_INTERNET_DISCONNECTED)
2024-10-09 11:33:17 Checking for update using Github
2024-10-09 11:33:18 Success.
2024-10-09 11:33:18 Latest version is 1.6.7
2024-10-09 11:33:18 App is up to date.
2024-10-09 12:35:18 Checking for update using Github
2024-10-09 12:35:19 Success.
2024-10-09 12:35:19 Latest version is 1.6.7
2024-10-09 12:35:19 App is up to date.
2024-10-09 12:35:54 Loading main app package /usr/lib/obsidian/obsidian.asar
2024-10-09 12:35:54 Checking for update using Github
2024-10-09 12:35:55 Success.
2024-10-09 12:35:55 Latest version is 1.6.7
2024-10-09 12:35:55 App is up to date.
2024-10-09 13:35:54 Checking for update using Github
2024-10-09 13:35:55 Success.
2024-10-09 13:35:55 Latest version is 1.6.7
2024-10-09 13:35:55 App is up to date.
2024-10-12 16:19:17 Checking for update using Github
2024-10-12 16:19:17 Success.
2024-10-12 16:19:17 Latest version is 1.6.7
2024-10-12 16:19:17 App is up to date.
2024-10-13 08:09:10 Loading main app package /usr/lib/obsidian/obsidian.asar
2024-10-13 08:09:22 Checking for update using Github
2024-10-13 08:09:23 Success.
2024-10-13 08:09:23 Latest version is 1.6.7
2024-10-13 08:09:23 App is up to date.
2024-10-13 09:09:10 Checking for update using Github
2024-10-13 09:09:11 Success.
2024-10-13 09:09:11 Latest version is 1.6.7
2024-10-13 09:09:11 App is up to date.
2024-10-13 10:09:11 Checking for update using Github
2024-10-13 10:09:11 Success.
2024-10-13 10:09:11 Latest version is 1.6.7
2024-10-13 10:09:11 App is up to date.
2024-10-15 06:40:25 Loading main app package /usr/lib/obsidian/obsidian.asar
2024-10-15 06:40:25 Checking for update using Github
2024-10-15 06:40:25 Success.
2024-10-15 06:40:25 Latest version is 1.6.7
2024-10-15 06:40:25 App is up to date.
2024-10-15 09:40:07 Checking for update using Github
2024-10-15 09:40:07 Success.
2024-10-15 09:40:07 Latest version is 1.6.7
2024-10-15 09:40:07 App is up to date.
2024-10-15 10:48:17 Checking for update using Github
2024-10-15 10:48:17 Success.
2024-10-15 10:48:17 Latest version is 1.6.7
2024-10-15 10:48:17 App is up to date.
2024-10-20 07:24:19 Loading main app package /usr/lib/obsidian/obsidian.asar
2024-10-20 07:24:19 Checking for update using Github
2024-10-20 07:24:20 Success.
2024-10-20 07:24:20 Latest version is 1.7.4
2024-10-20 07:24:20 Downloading update from https://github.com/obsidianmd/obsidian-releases/releases/download/v1.7.4/obsidian-1.7.4.asar.gz
2024-10-20 09:24:00 Verifying hash & signature. Size= 8056043
2024-10-20 09:24:00 Saving file
2024-10-20 09:24:00 Update complete.
2024-10-20 10:23:53 Checking for update using Github
2024-10-20 10:23:53 Success.
2024-10-20 10:23:53 Latest version is 1.7.4
2024-10-20 10:23:53 An update is already downloaded.
2024-10-22 06:43:50 Loading updated app package /home/raysuo/.config/obsidian/obsidian-1.7.4.asar
2024-10-22 06:43:50 Checking for update using Github
2024-10-22 06:43:50 Success.
2024-10-22 06:43:50 Latest version is 1.7.4
2024-10-22 06:43:50 App is up to date.
2024-10-22 09:43:20 Checking for update using Github
2024-10-22 09:43:20 Success.
2024-10-22 09:43:20 Latest version is 1.7.4
2024-10-22 09:43:20 App is up to date.
2024-10-22 10:43:20 Checking for update using Github
2024-10-22 10:43:20 Success.
2024-10-22 10:43:20 Latest version is 1.7.4
2024-10-22 10:43:20 App is up to date.
2024-10-23 07:20:10 Loading updated app package /home/raysuo/.config/obsidian/obsidian-1.7.4.asar
2024-10-23 07:20:10 Checking for update using Github
2024-10-23 07:20:10 Success.
2024-10-23 07:20:10 Latest version is 1.7.4
2024-10-23 07:20:10 App is up to date.
2024-10-23 09:33:01 Loading updated app package /home/raysuo/.config/obsidian/obsidian-1.7.4.asar
2024-10-23 09:33:01 Checking for update using Github
2024-10-23 09:33:01 Failed to check for update using Github (net::ERR_INTERNET_DISCONNECTED)
2024-10-23 09:33:01 Checking for update using obsidian.md
2024-10-23 09:33:01 Failed to check for update using obsidian.md (net::ERR_INTERNET_DISCONNECTED)
2024-10-23 11:49:05 Checking for update using Github
2024-10-23 11:49:05 Failed to check for update using Github (net::ERR_INTERNET_DISCONNECTED)
2024-10-23 11:49:05 Checking for update using obsidian.md
2024-10-23 11:49:05 Failed to check for update using obsidian.md (net::ERR_INTERNET_DISCONNECTED)
2024-10-27 09:54:55 Loading updated app package /home/raysuo/.config/obsidian/obsidian-1.7.4.asar
2024-10-27 09:54:55 Checking for update using Github
2024-10-27 09:54:56 Success.
2024-10-27 09:54:56 Latest version is 1.7.4
2024-10-27 09:54:56 App is up to date.
2024-10-27 10:55:35 Loading updated app package /home/raysuo/.config/obsidian/obsidian-1.7.4.asar
2024-10-27 10:55:35 Checking for update using Github
2024-10-27 10:55:36 Success.
2024-10-27 10:55:36 Latest version is 1.7.4
2024-10-27 10:55:36 App is up to date.
2024-10-28 17:06:39 Loading updated app package /home/raysuo/.config/obsidian/obsidian-1.7.4.asar
2024-10-28 17:06:39 Checking for update using Github
2024-10-28 17:06:40 Success.
2024-10-28 17:06:40 Latest version is 1.7.4
2024-10-28 17:06:40 App is up to date.
2024-10-30 09:46:17 Loading updated app package /home/raysuo/.config/obsidian/obsidian-1.7.4.asar
2024-10-30 09:46:17 Checking for update using Github
2024-10-30 09:46:17 Success.
2024-10-30 09:46:17 Latest version is 1.7.4
2024-10-30 09:46:17 App is up to date.
2024-10-30 09:59:52 Loading updated app package /home/raysuo/.config/obsidian/obsidian-1.7.4.asar
2024-10-30 09:59:52 Checking for update using Github
2024-10-30 09:59:52 Success.
2024-10-30 09:59:52 Latest version is 1.7.4
2024-10-30 09:59:52 App is up to date.
2024-10-30 10:59:52 Checking for update using Github
2024-10-30 10:59:52 Success.
2024-10-30 10:59:52 Latest version is 1.7.4
2024-10-30 10:59:52 App is up to date.
2024-10-30 11:15:45 Loading updated app package /home/raysuo/.config/obsidian/obsidian-1.7.4.asar
2024-10-30 11:15:46 Checking for update using Github
2024-10-30 11:15:46 Failed to check for update using Github (net::ERR_INTERNET_DISCONNECTED)
2024-10-30 11:15:46 Checking for update using obsidian.md
2024-10-30 11:15:46 Failed to check for update using obsidian.md (net::ERR_INTERNET_DISCONNECTED)
2024-10-30 12:40:48 Checking for update using Github
2024-10-30 12:40:49 Success.
2024-10-30 12:40:49 Latest version is 1.7.4
2024-10-30 12:40:49 App is up to date.
2024-10-31 06:03:33 Loading updated app package /home/raysuo/.config/obsidian/obsidian-1.7.4.asar
2024-10-31 06:03:34 Checking for update using Github
2024-10-31 06:03:34 Success.
2024-10-31 06:03:34 Latest version is 1.7.4
2024-10-31 06:03:34 App is up to date.
2024-11-01 09:21:38 Loading updated app package /home/raysuo/.config/obsidian/obsidian-1.7.4.asar
2024-11-01 09:21:39 Checking for update using Github
2024-11-01 09:21:39 Success.
2024-11-01 09:21:39 Latest version is 1.7.4
2024-11-01 09:21:39 App is up to date.
2024-11-01 10:40:59 Checking for update using Github
2024-11-01 10:40:59 Success.
2024-11-01 10:40:59 Latest version is 1.7.4
2024-11-01 10:40:59 App is up to date.
2024-11-01 11:40:59 Checking for update using Github
2024-11-01 11:40:59 Success.
2024-11-01 11:40:59 Latest version is 1.7.4
2024-11-01 11:40:59 App is up to date.
2024-11-01 12:40:59 Checking for update using Github
2024-11-01 12:40:59 Success.
2024-11-01 12:40:59 Latest version is 1.7.4
2024-11-01 12:40:59 App is up to date.
